#
# There is insufficient memory for the Java Runtime Environment to continue.
# Native memory allocation (malloc) failed to allocate 32744 bytes for ChunkPool::allocate
# Possible reasons:
#   The system is out of physical RAM or swap space
#   The process is running with CompressedOops enabled, and the Java Heap may be blocking the growth of the native heap
# Possible solutions:
#   Reduce memory load on the system
#   Increase physical memory or swap space
#   Check if swap backing store is full
#   Decrease Java heap size (-Xmx/-Xms)
#   Decrease number of Java threads
#   Decrease Java thread stack sizes (-Xss)
#   Set larger code cache with -XX:ReservedCodeCacheSize=
#   JVM is running with Unscaled Compressed Oops mode in which the Java heap is
#     placed in the first 4GB address space. The Java Heap base address is the
#     maximum limit for the native heap growth. Please use -XX:HeapBaseMinAddress
#     to set the Java Heap base and to place the Java Heap above 4GB virtual address.
# This output file may be truncated or incomplete.
#
#  Out of Memory Error (t:/workspace/open/src/hotspot/share/memory/arena.cpp:81), pid=14260, tid=13460
#
# JRE version: OpenJDK Runtime Environment (11.0.2+9) (build 11.0.2+9)
# Java VM: OpenJDK 64-Bit Server VM (11.0.2+9, mixed mode, tiered, compressed oops, g1 gc, windows-amd64)
# No core dump will be written. Minidumps are not enabled by default on client versions of Windows
#

---------------  S U M M A R Y ------------

Command Line: -XX:MaxMetaspaceSize=512m --add-opens=java.base/java.util=ALL-UNNAMED --add-opens=java.base/java.lang=ALL-UNNAMED --add-opens=java.base/java.lang.invoke=ALL-UNNAMED --add-opens=java.base/java.util=ALL-UNNAMED --add-opens=java.prefs/java.util.prefs=ALL-UNNAMED --add-opens=java.prefs/java.util.prefs=ALL-UNNAMED --add-opens=java.base/java.nio.charset=ALL-UNNAMED --add-opens=java.base/java.net=ALL-UNNAMED --add-opens=java.base/java.util.concurrent.atomic=ALL-UNNAMED -Xmx2048m -Dfile.encoding=windows-1252 -Duser.country=AR -Duser.language=es -Duser.variant org.gradle.launcher.daemon.bootstrap.GradleDaemon 7.3.3

Host: Intel(R) Celeron(R) CPU N3450 @ 1.10GHz, 4 cores, 3G,  Windows 10 , 64 bit Build 19041 (10.0.19041.1348)
Time: Fri Jul  8 11:23:10 2022 Hora estándar de Argentina elapsed time: 685 seconds (0d 0h 11m 25s)

---------------  T H R E A D  ---------------

Current thread (0x00000244e720f000):  JavaThread "C2 CompilerThread0" daemon [_thread_in_native, id=13460, stack(0x000000ad12e00000,0x000000ad12f00000)]


Current CompileTask:
C2: 685525 30321       4       com.android.tools.r8.internal.U6::a (6044 bytes)

Stack: [0x000000ad12e00000,0x000000ad12f00000]
Native frames: (J=compiled Java code, j=interpreted, Vv=VM code, C=native code)
V  [jvm.dll+0x63489a]
V  [jvm.dll+0x771f9f]
V  [jvm.dll+0x773648]
V  [jvm.dll+0x773d03]
V  [jvm.dll+0x25eba8]
V  [jvm.dll+0xc23bb]
V  [jvm.dll+0xc271c]
V  [jvm.dll+0x371cab]
V  [jvm.dll+0x536cd6]
V  [jvm.dll+0x535e40]
V  [jvm.dll+0x536940]
V  [jvm.dll+0x339b42]
V  [jvm.dll+0x338eea]
V  [jvm.dll+0x2189c5]
V  [jvm.dll+0x217b6a]
V  [jvm.dll+0x194370]
V  [jvm.dll+0x226b3f]
V  [jvm.dll+0x225148]
V  [jvm.dll+0x73774d]
V  [jvm.dll+0x633942]
C  [ucrtbase.dll+0x21bb2]
C  [KERNEL32.DLL+0x17034]
C  [ntdll.dll+0x52651]


---------------  P R O C E S S  ---------------

Threads class SMR info:
_java_thread_list=0x00000244f58cbf40, length=104, elements={
0x00000244c8e1c800, 0x00000244e71ef800, 0x00000244e71f1800, 0x00000244e720b800,
0x00000244e720d800, 0x00000244e720f000, 0x00000244e7212000, 0x00000244e7b9d000,
0x00000244e7cd1800, 0x00000244e7cdd800, 0x00000244e92b2000, 0x00000244e8a79800,
0x00000244e8d3f000, 0x00000244e93c1800, 0x00000244ea735800, 0x00000244e9c1f000,
0x00000244ea949000, 0x00000244ea944000, 0x00000244e8bc4000, 0x00000244e9024000,
0x00000244e9ecb800, 0x00000244e9ecd800, 0x00000244e9ece800, 0x00000244e9ecf800,
0x00000244e9ed0000, 0x00000244e9ed1000, 0x00000244e9ed2000, 0x00000244e9ecc000,
0x00000244e9ecd000, 0x00000244ed0ec000, 0x00000244ed0e9800, 0x00000244ed0ed800,
0x00000244ed0ee800, 0x00000244ed0ea800, 0x00000244ed0eb000, 0x00000244ed0ef800,
0x00000244ed0f1000, 0x00000244ed0f1800, 0x00000244ed0f2800, 0x00000244ed0ed000,
0x00000244ed0f7800, 0x00000244ed0f8800, 0x00000244ed0f4000, 0x00000244ed0f3800,
0x00000244ed0f5000, 0x00000244ed0f6000, 0x00000244ed0f6800, 0x00000244ea4bc000,
0x00000244ea4bb000, 0x00000244ea4b6000, 0x00000244ea4ba000, 0x00000244ea4b7800,
0x00000244ea4bc800, 0x00000244ea4b8800, 0x00000244ea4b9800, 0x00000244ea4b7000,
0x00000244ea4c2800, 0x00000244ea4c1800, 0x00000244ea4c0000, 0x00000244ea4c3000,
0x00000244ea4c0800, 0x00000244ea4bd800, 0x00000244ea4bf000, 0x00000244ea4c4000,
0x00000244ea4be000, 0x00000244ea4c5000, 0x00000244ea0e2000, 0x00000244ea0e8800,
0x00000244ea0e7000, 0x00000244ea0e6000, 0x00000244ea0e7800, 0x00000244ea0e3000,
0x00000244ea0e9800, 0x00000244ea0e3800, 0x00000244ea0ee000, 0x00000244ea0f0000,
0x00000244ea0f0800, 0x00000244ea0eb000, 0x00000244ea0eb800, 0x00000244ea0ec800,
0x00000244ea0ed800, 0x00000244edcbc800, 0x00000244edcbe000, 0x00000244edcbb800,
0x00000244edcbd000, 0x00000244edcb8800, 0x00000244edcc3800, 0x00000244edcbf800,
0x00000244edcc4800, 0x00000244edcc1000, 0x00000244edcc2000, 0x00000244edcc3000,
0x00000244edcc5800, 0x00000244edcc7000, 0x00000244ea0ea000, 0x00000244f5b80000,
0x00000244f5b81000, 0x00000244f5b87800, 0x00000244f5b81800, 0x00000244f5b89000,
0x00000244f5b8b800, 0x00000244f5b86000, 0x00000244f5b85000, 0x00000244f5b83800
}

Java Threads: ( => current thread )
  0x00000244c8e1c800 JavaThread "main" [_thread_blocked, id=9292, stack(0x000000ad12300000,0x000000ad12400000)]
  0x00000244e71ef800 JavaThread "Reference Handler" daemon [_thread_blocked, id=11836, stack(0x000000ad12a00000,0x000000ad12b00000)]
  0x00000244e71f1800 JavaThread "Finalizer" daemon [_thread_blocked, id=11288, stack(0x000000ad12b00000,0x000000ad12c00000)]
  0x00000244e720b800 JavaThread "Signal Dispatcher" daemon [_thread_blocked, id=14052, stack(0x000000ad12c00000,0x000000ad12d00000)]
  0x00000244e720d800 JavaThread "Attach Listener" daemon [_thread_blocked, id=14012, stack(0x000000ad12d00000,0x000000ad12e00000)]
=>0x00000244e720f000 JavaThread "C2 CompilerThread0" daemon [_thread_in_native, id=13460, stack(0x000000ad12e00000,0x000000ad12f00000)]
  0x00000244e7212000 JavaThread "C1 CompilerThread0" daemon [_thread_blocked, id=14040, stack(0x000000ad12f00000,0x000000ad13000000)]
  0x00000244e7b9d000 JavaThread "Sweeper thread" daemon [_thread_blocked, id=7340, stack(0x000000ad13000000,0x000000ad13100000)]
  0x00000244e7cd1800 JavaThread "Common-Cleaner" daemon [_thread_blocked, id=12708, stack(0x000000ad13100000,0x000000ad13200000)]
  0x00000244e7cdd800 JavaThread "Service Thread" daemon [_thread_blocked, id=14288, stack(0x000000ad13200000,0x000000ad13300000)]
  0x00000244e92b2000 JavaThread "Daemon health stats" [_thread_blocked, id=13372, stack(0x000000ad13700000,0x000000ad13800000)]
  0x00000244e8a79800 JavaThread "Incoming local TCP Connector on port 57524" [_thread_in_native, id=11164, stack(0x000000ad13600000,0x000000ad13700000)]
  0x00000244e8d3f000 JavaThread "Daemon periodic checks" [_thread_blocked, id=4472, stack(0x000000ad13800000,0x000000ad13900000)]
  0x00000244e93c1800 JavaThread "Daemon" [_thread_blocked, id=8244, stack(0x000000ad13b00000,0x000000ad13c00000)]
  0x00000244ea735800 JavaThread "Handler for socket connection from /127.0.0.1:57524 to /127.0.0.1:57525" [_thread_in_native, id=13248, stack(0x000000ad13c00000,0x000000ad13d00000)]
  0x00000244e9c1f000 JavaThread "Cancel handler" [_thread_blocked, id=9684, stack(0x000000ad13d00000,0x000000ad13e00000)]
  0x00000244ea949000 JavaThread "Daemon worker" [_thread_blocked, id=14324, stack(0x000000ad13e00000,0x000000ad13f00000)]
  0x00000244ea944000 JavaThread "Asynchronous log dispatcher for DefaultDaemonConnection: socket connection from /127.0.0.1:57524 to /127.0.0.1:57525" [_thread_blocked, id=9212, stack(0x000000ad13f00000,0x000000ad14000000)]
  0x00000244e8bc4000 JavaThread "Stdin handler" [_thread_blocked, id=10352, stack(0x000000ad14000000,0x000000ad14100000)]
  0x00000244e9024000 JavaThread "Daemon client event forwarder" [_thread_blocked, id=5708, stack(0x000000ad14100000,0x000000ad14200000)]
  0x00000244e9ecb800 JavaThread "Cache worker for journal cache (C:\Users\46579071\.gradle\caches\journal-1)" [_thread_blocked, id=9064, stack(0x000000ad14200000,0x000000ad14300000)]
  0x00000244e9ecd800 JavaThread "File lock request listener" [_thread_in_native, id=9700, stack(0x000000ad14300000,0x000000ad14400000)]
  0x00000244e9ece800 JavaThread "Cache worker for file hash cache (C:\Users\46579071\.gradle\caches\7.3.3\fileHashes)" [_thread_blocked, id=13168, stack(0x000000ad14400000,0x000000ad14500000)]
  0x00000244e9ecf800 JavaThread "Cache worker for file hash cache (C:\Users\46579071\Downloads\Proyyecto-master\android\.gradle\7.3.3\fileHashes)" [_thread_blocked, id=72, stack(0x000000ad14500000,0x000000ad14600000)]
  0x00000244e9ed0000 JavaThread "File watcher server" daemon [_thread_in_native, id=14120, stack(0x000000ad14700000,0x000000ad14800000)]
  0x00000244e9ed1000 JavaThread "File watcher consumer" daemon [_thread_blocked, id=14172, stack(0x000000ad14800000,0x000000ad14900000)]
  0x00000244e9ed2000 JavaThread "Cache worker for checksums cache (C:\Users\46579071\Downloads\Proyyecto-master\android\.gradle\7.3.3\checksums)" [_thread_blocked, id=14192, stack(0x000000ad14900000,0x000000ad14a00000)]
  0x00000244e9ecc000 JavaThread "Cache worker for cache directory md-supplier (C:\Users\46579071\.gradle\caches\7.3.3\md-supplier)" [_thread_blocked, id=4600, stack(0x000000ad14600000,0x000000ad14700000)]
  0x00000244e9ecd000 JavaThread "Cache worker for cache directory md-rule (C:\Users\46579071\.gradle\caches\7.3.3\md-rule)" [_thread_blocked, id=6284, stack(0x000000ad14a00000,0x000000ad14b00000)]
  0x00000244ed0ec000 JavaThread "Cache worker for execution history cache (C:\Users\46579071\.gradle\caches\7.3.3\executionHistory)" [_thread_blocked, id=1544, stack(0x000000ad14c00000,0x000000ad14d00000)]
  0x00000244ed0e9800 JavaThread "jar transforms" [_thread_blocked, id=5952, stack(0x000000ad14d00000,0x000000ad14e00000)]
  0x00000244ed0ed800 JavaThread "jar transforms Thread 2" [_thread_blocked, id=14284, stack(0x000000ad14e00000,0x000000ad14f00000)]
  0x00000244ed0ee800 JavaThread "Cache worker for file content cache (C:\Users\46579071\.gradle\caches\7.3.3\fileContent)" [_thread_blocked, id=13676, stack(0x000000ad14f00000,0x000000ad15000000)]
  0x00000244ed0ea800 JavaThread "jar transforms Thread 3" [_thread_blocked, id=10220, stack(0x000000ad14b00000,0x000000ad14c00000)]
  0x00000244ed0eb000 JavaThread "jar transforms Thread 4" [_thread_blocked, id=5964, stack(0x000000ad15000000,0x000000ad15100000)]
  0x00000244ed0ef800 JavaThread "Cache worker for kotlin-dsl (C:\Users\46579071\.gradle\caches\7.3.3\kotlin-dsl)" [_thread_blocked, id=10484, stack(0x000000ad15400000,0x000000ad15500000)]
  0x00000244ed0f1000 JavaThread "Cache worker for dependencies-accessors (C:\Users\46579071\Downloads\Proyyecto-master\android\.gradle\7.3.3\dependencies-accessors)" [_thread_blocked, id=13512, stack(0x000000ad15500000,0x000000ad15600000)]
  0x00000244ed0f1800 JavaThread "Cache worker for Build Output Cleanup Cache (C:\Users\46579071\Downloads\Proyyecto-master\node_modules\react-native-gradle-plugin\.gradle\buildOutputCleanup)" [_thread_blocked, id=10380, stack(0x000000ad15300000,0x000000ad15400000)]
  0x00000244ed0f2800 JavaThread "Unconstrained build operations" [_thread_blocked, id=11672, stack(0x000000ad15700000,0x000000ad15800000)]
  0x00000244ed0ed000 JavaThread "Unconstrained build operations Thread 2" [_thread_blocked, id=6828, stack(0x000000ad15800000,0x000000ad15900000)]
  0x00000244ed0f7800 JavaThread "Unconstrained build operations Thread 3" [_thread_blocked, id=4688, stack(0x000000ad15900000,0x000000ad15a00000)]
  0x00000244ed0f8800 JavaThread "Unconstrained build operations Thread 4" [_thread_blocked, id=12068, stack(0x000000ad15a00000,0x000000ad15b00000)]
  0x00000244ed0f4000 JavaThread "Unconstrained build operations Thread 5" [_thread_blocked, id=8780, stack(0x000000ad15b00000,0x000000ad15c00000)]
  0x00000244ed0f3800 JavaThread "Unconstrained build operations Thread 6" [_thread_blocked, id=1804, stack(0x000000ad15c00000,0x000000ad15d00000)]
  0x00000244ed0f5000 JavaThread "Unconstrained build operations Thread 7" [_thread_blocked, id=13800, stack(0x000000ad15d00000,0x000000ad15e00000)]
  0x00000244ed0f6000 JavaThread "Unconstrained build operations Thread 8" [_thread_blocked, id=11724, stack(0x000000ad15e00000,0x000000ad15f00000)]
  0x00000244ed0f6800 JavaThread "Unconstrained build operations Thread 9" [_thread_blocked, id=12268, stack(0x000000ad15f00000,0x000000ad16000000)]
  0x00000244ea4bc000 JavaThread "Unconstrained build operations Thread 10" [_thread_blocked, id=13796, stack(0x000000ad16000000,0x000000ad16100000)]
  0x00000244ea4bb000 JavaThread "Unconstrained build operations Thread 11" [_thread_blocked, id=13872, stack(0x000000ad16100000,0x000000ad16200000)]
  0x00000244ea4b6000 JavaThread "Unconstrained build operations Thread 12" [_thread_blocked, id=13876, stack(0x000000ad16200000,0x000000ad16300000)]
  0x00000244ea4ba000 JavaThread "Unconstrained build operations Thread 13" [_thread_blocked, id=13924, stack(0x000000ad16300000,0x000000ad16400000)]
  0x00000244ea4b7800 JavaThread "Unconstrained build operations Thread 14" [_thread_blocked, id=13868, stack(0x000000ad16400000,0x000000ad16500000)]
  0x00000244ea4bc800 JavaThread "Unconstrained build operations Thread 15" [_thread_blocked, id=9840, stack(0x000000ad16500000,0x000000ad16600000)]
  0x00000244ea4b8800 JavaThread "Unconstrained build operations Thread 16" [_thread_blocked, id=13860, stack(0x000000ad16600000,0x000000ad16700000)]
  0x00000244ea4b9800 JavaThread "Unconstrained build operations Thread 17" [_thread_blocked, id=1136, stack(0x000000ad16700000,0x000000ad16800000)]
  0x00000244ea4b7000 JavaThread "Unconstrained build operations Thread 18" [_thread_blocked, id=580, stack(0x000000ad16800000,0x000000ad16900000)]
  0x00000244ea4c2800 JavaThread "Unconstrained build operations Thread 19" [_thread_in_vm, id=13028, stack(0x000000ad16900000,0x000000ad16a00000)]
  0x00000244ea4c1800 JavaThread "Unconstrained build operations Thread 20" [_thread_blocked, id=6896, stack(0x000000ad16a00000,0x000000ad16b00000)]
  0x00000244ea4c0000 JavaThread "Unconstrained build operations Thread 21" [_thread_blocked, id=13376, stack(0x000000ad16b00000,0x000000ad16c00000)]
  0x00000244ea4c3000 JavaThread "Unconstrained build operations Thread 22" [_thread_blocked, id=14004, stack(0x000000ad16c00000,0x000000ad16d00000)]
  0x00000244ea4c0800 JavaThread "Unconstrained build operations Thread 23" [_thread_blocked, id=13628, stack(0x000000ad16d00000,0x000000ad16e00000)]
  0x00000244ea4bd800 JavaThread "Unconstrained build operations Thread 24" [_thread_blocked, id=10680, stack(0x000000ad16e00000,0x000000ad16f00000)]
  0x00000244ea4bf000 JavaThread "Unconstrained build operations Thread 25" [_thread_blocked, id=7904, stack(0x000000ad16f00000,0x000000ad17000000)]
  0x00000244ea4c4000 JavaThread "Unconstrained build operations Thread 26" [_thread_in_vm, id=3896, stack(0x000000ad17000000,0x000000ad17100000)]
  0x00000244ea4be000 JavaThread "Unconstrained build operations Thread 27" [_thread_blocked, id=14220, stack(0x000000ad17100000,0x000000ad17200000)]
  0x00000244ea4c5000 JavaThread "Unconstrained build operations Thread 28" [_thread_blocked, id=13584, stack(0x000000ad17200000,0x000000ad17300000)]
  0x00000244ea0e2000 JavaThread "Unconstrained build operations Thread 29" [_thread_blocked, id=7332, stack(0x000000ad17300000,0x000000ad17400000)]
  0x00000244ea0e8800 JavaThread "Unconstrained build operations Thread 30" [_thread_blocked, id=2424, stack(0x000000ad17400000,0x000000ad17500000)]
  0x00000244ea0e7000 JavaThread "Unconstrained build operations Thread 31" [_thread_blocked, id=12924, stack(0x000000ad17500000,0x000000ad17600000)]
  0x00000244ea0e6000 JavaThread "Unconstrained build operations Thread 32" [_thread_blocked, id=14072, stack(0x000000ad17600000,0x000000ad17700000)]
  0x00000244ea0e7800 JavaThread "Unconstrained build operations Thread 33" [_thread_blocked, id=13332, stack(0x000000ad17700000,0x000000ad17800000)]
  0x00000244ea0e3000 JavaThread "build event listener" [_thread_blocked, id=12828, stack(0x000000ad17800000,0x000000ad17900000)]
  0x00000244ea0e9800 JavaThread "Memory manager" [_thread_blocked, id=7808, stack(0x000000ad15600000,0x000000ad15700000)]
  0x00000244ea0e3800 JavaThread "Cache worker for Build Output Cleanup Cache (C:\Users\46579071\Downloads\Proyyecto-master\android\.gradle\buildOutputCleanup)" [_thread_blocked, id=13932, stack(0x000000ad17a00000,0x000000ad17b00000)]
  0x00000244ea0ee000 JavaThread "Cache worker for execution history cache (C:\Users\46579071\Downloads\Proyyecto-master\node_modules\react-native-gradle-plugin\.gradle\7.3.3\executionHistory)" [_thread_blocked, id=10696, stack(0x000000ad17f00000,0x000000ad18000000)]
  0x00000244ea0f0000 JavaThread "Unconstrained build operations Thread 34" [_thread_blocked, id=13908, stack(0x000000ad17900000,0x000000ad17a00000)]
  0x00000244ea0f0800 JavaThread "Unconstrained build operations Thread 35" [_thread_blocked, id=10076, stack(0x000000ad18000000,0x000000ad18100000)]
  0x00000244ea0eb000 JavaThread "Unconstrained build operations Thread 36" [_thread_blocked, id=10488, stack(0x000000ad18100000,0x000000ad18200000)]
  0x00000244ea0eb800 JavaThread "Unconstrained build operations Thread 37" [_thread_blocked, id=8552, stack(0x000000ad18200000,0x000000ad18300000)]
  0x00000244ea0ec800 JavaThread "Unconstrained build operations Thread 38" [_thread_blocked, id=14128, stack(0x000000ad18300000,0x000000ad18400000)]
  0x00000244ea0ed800 JavaThread "Unconstrained build operations Thread 39" [_thread_blocked, id=4896, stack(0x000000ad18400000,0x000000ad18500000)]
  0x00000244edcbc800 JavaThread "Unconstrained build operations Thread 40" [_thread_blocked, id=9244, stack(0x000000ad18500000,0x000000ad18600000)]
  0x00000244edcbe000 JavaThread "build event listener" [_thread_blocked, id=10804, stack(0x000000ad12200000,0x000000ad12300000)]
  0x00000244edcbb800 JavaThread "Execution worker for ':'" [_thread_blocked, id=9000, stack(0x000000ad17b00000,0x000000ad17c00000)]
  0x00000244edcbd000 JavaThread "Execution worker for ':' Thread 2" [_thread_blocked, id=14272, stack(0x000000ad17c00000,0x000000ad17d00000)]
  0x00000244edcb8800 JavaThread "Execution worker for ':' Thread 3" [_thread_blocked, id=6088, stack(0x000000ad17d00000,0x000000ad17e00000)]
  0x00000244edcc3800 JavaThread "Cache worker for execution history cache (C:\Users\46579071\Downloads\Proyyecto-master\android\.gradle\7.3.3\executionHistory)" [_thread_blocked, id=6544, stack(0x000000ad17e00000,0x000000ad17f00000)]
  0x00000244edcbf800 JavaThread "WorkerExecutor Queue" [_thread_blocked, id=9624, stack(0x000000ad18600000,0x000000ad18700000)]
  0x00000244edcc4800 JavaThread "WorkerExecutor Queue Thread 5" [_thread_blocked, id=13352, stack(0x000000ad12100000,0x000000ad12200000)]
  0x00000244edcc1000 JavaThread "WorkerExecutor Queue Thread 7" [_thread_blocked, id=13840, stack(0x000000ad18700000,0x000000ad18800000)]
  0x00000244edcc2000 JavaThread "Cache worker for Java compile cache (C:\Users\46579071\.gradle\caches\7.3.3\javaCompile)" [_thread_blocked, id=2384, stack(0x000000ad18a00000,0x000000ad18b00000)]
  0x00000244edcc3000 JavaThread "Build operations" [_thread_blocked, id=13616, stack(0x000000ad18800000,0x000000ad18900000)]
  0x00000244edcc5800 JavaThread "Build operations Thread 2" [_thread_blocked, id=12252, stack(0x000000ad18b00000,0x000000ad18c00000)]
  0x00000244edcc7000 JavaThread "Build operations Thread 3" [_thread_blocked, id=11560, stack(0x000000ad18c00000,0x000000ad18d00000)]
  0x00000244ea0ea000 JavaThread "Build operations Thread 4" [_thread_blocked, id=12776, stack(0x000000ad18d00000,0x000000ad18e00000)]
  0x00000244f5b80000 JavaThread "RMI Scheduler(0)" daemon [_thread_blocked, id=13952, stack(0x000000ad19300000,0x000000ad19400000)]
  0x00000244f5b81000 JavaThread "RMI GC Daemon" daemon [_thread_blocked, id=14088, stack(0x000000ad19600000,0x000000ad19700000)]
  0x00000244f5b87800 JavaThread "RMI TCP Accept-0" daemon [_thread_in_native, id=13864, stack(0x000000ad19700000,0x000000ad19800000)]
  0x00000244f5b81800 JavaThread "RMI Reaper" [_thread_blocked, id=7312, stack(0x000000ad19800000,0x000000ad19900000)]
  0x00000244f5b89000 JavaThread "RMI TCP Accept-0" daemon [_thread_in_native, id=13944, stack(0x000000ad19500000,0x000000ad19600000)]
  0x00000244f5b8b800 JavaThread "RMI TCP Connection(idle)" daemon [_thread_blocked, id=12592, stack(0x000000ad19a00000,0x000000ad19b00000)]
  0x00000244f5b86000 JavaThread "RMI TCP Accept-0" daemon [_thread_in_native, id=1772, stack(0x000000ad19b00000,0x000000ad19c00000)]
  0x00000244f5b85000 JavaThread "WorkerExecutor Queue Thread 8" [_thread_blocked, id=132, stack(0x000000ad18900000,0x000000ad18a00000)]
  0x00000244f5b83800 JavaThread "C2 CompilerThread1" daemon [_thread_in_native, id=11680, stack(0x000000ad18e00000,0x000000ad18f00000)]

Other Threads:
  0x00000244e71e7800 VMThread "VM Thread" [stack: 0x000000ad12900000,0x000000ad12a00000] [id=7760]
  0x00000244e7ce2000 WatcherThread [stack: 0x000000ad13300000,0x000000ad13400000] [id=12840]
  0x00000244c8e31000 GCTaskThread "GC Thread#0" [stack: 0x000000ad12400000,0x000000ad12500000] [id=14076]
  0x00000244e7d89800 GCTaskThread "GC Thread#1" [stack: 0x000000ad13500000,0x000000ad13600000] [id=9220]
  0x00000244e8fd7000 GCTaskThread "GC Thread#2" [stack: 0x000000ad13900000,0x000000ad13a00000] [id=9944]
  0x00000244e9328000 GCTaskThread "GC Thread#3" [stack: 0x000000ad13a00000,0x000000ad13b00000] [id=14320]
  0x00000244c8e81800 ConcurrentGCThread "G1 Main Marker" [stack: 0x000000ad12500000,0x000000ad12600000] [id=9776]
  0x00000244c8e85000 ConcurrentGCThread "G1 Conc#0" [stack: 0x000000ad12600000,0x000000ad12700000] [id=9644]
  0x00000244c8ede000 ConcurrentGCThread "G1 Refine#0" [stack: 0x000000ad12700000,0x000000ad12800000] [id=11468]
  0x00000244c8edf000 ConcurrentGCThread "G1 Young RemSet Sampling" [stack: 0x000000ad12800000,0x000000ad12900000] [id=7428]

Threads with active compile tasks:
C2 CompilerThread030321       4       com.android.tools.r8.internal.U6::a (6044 bytes)
C2 CompilerThread130218       4       com.android.tools.r8.internal.U6::a (4191 bytes)

VM state:synchronizing (normal execution)

VM Mutex/Monitor currently owned by a thread:  ([mutex/lock_event])
[0x00000244c8e18210] Threads_lock - owner thread: 0x00000244e71e7800

Heap address: 0x0000000080000000, size: 2048 MB, Compressed Oops mode: 32-bit
Narrow klass base: 0x0000000000000000, Narrow klass shift: 3
Compressed class space size: 528482304 Address: 0x0000000100000000

Heap:
 garbage-first heap   total 368640K, used 260843K [0x0000000080000000, 0x0000000100000000)
  region size 1024K, 23 young (23552K), 10 survivors (10240K)
 Metaspace       used 160123K, capacity 165936K, committed 166016K, reserved 661504K
  class space    used 19933K, capacity 22094K, committed 22144K, reserved 516096K
Heap Regions: E=young(eden), S=young(survivor), O=old, HS=humongous(starts), HC=humongous(continues), CS=collection set, F=free, A=archive, TAMS=top-at-mark-start (previous, next)
|   0|0x0000000080000000, 0x0000000080100000, 0x0000000080100000|100%|HS|  |TAMS 0x0000000080100000, 0x0000000080000000| Complete 
|   1|0x0000000080100000, 0x0000000080200000, 0x0000000080200000|100%|HC|  |TAMS 0x0000000080200000, 0x0000000080100000| Complete 
|   2|0x0000000080200000, 0x0000000080300000, 0x0000000080300000|100%|HC|  |TAMS 0x0000000080300000, 0x0000000080200000| Complete 
|   3|0x0000000080300000, 0x0000000080400000, 0x0000000080400000|100%| O|  |TAMS 0x0000000080400000, 0x0000000080300000| Untracked 
|   4|0x0000000080400000, 0x0000000080500000, 0x0000000080500000|100%| O|  |TAMS 0x0000000080500000, 0x0000000080400000| Untracked 
|   5|0x0000000080500000, 0x0000000080600000, 0x0000000080600000|100%| O|  |TAMS 0x0000000080600000, 0x0000000080500000| Untracked 
|   6|0x0000000080600000, 0x0000000080700000, 0x0000000080700000|100%| O|  |TAMS 0x0000000080700000, 0x0000000080600000| Untracked 
|   7|0x0000000080700000, 0x0000000080800000, 0x0000000080800000|100%| O|  |TAMS 0x0000000080800000, 0x0000000080700000| Untracked 
|   8|0x0000000080800000, 0x0000000080900000, 0x0000000080900000|100%| O|  |TAMS 0x0000000080900000, 0x0000000080800000| Untracked 
|   9|0x0000000080900000, 0x0000000080a00000, 0x0000000080a00000|100%| O|  |TAMS 0x0000000080a00000, 0x0000000080900000| Untracked 
|  10|0x0000000080a00000, 0x0000000080b00000, 0x0000000080b00000|100%| O|  |TAMS 0x0000000080b00000, 0x0000000080a00000| Untracked 
|  11|0x0000000080b00000, 0x0000000080c00000, 0x0000000080c00000|100%| O|  |TAMS 0x0000000080c00000, 0x0000000080b00000| Untracked 
|  12|0x0000000080c00000, 0x0000000080d00000, 0x0000000080d00000|100%| O|  |TAMS 0x0000000080d00000, 0x0000000080c00000| Untracked 
|  13|0x0000000080d00000, 0x0000000080e00000, 0x0000000080e00000|100%| O|  |TAMS 0x0000000080e00000, 0x0000000080d00000| Untracked 
|  14|0x0000000080e00000, 0x0000000080f00000, 0x0000000080f00000|100%| O|  |TAMS 0x0000000080f00000, 0x0000000080e00000| Untracked 
|  15|0x0000000080f00000, 0x0000000081000000, 0x0000000081000000|100%| O|  |TAMS 0x0000000081000000, 0x0000000080f00000| Untracked 
|  16|0x0000000081000000, 0x0000000081100000, 0x0000000081100000|100%| O|  |TAMS 0x0000000081100000, 0x0000000081000000| Untracked 
|  17|0x0000000081100000, 0x0000000081200000, 0x0000000081200000|100%| O|  |TAMS 0x0000000081200000, 0x0000000081100000| Untracked 
|  18|0x0000000081200000, 0x0000000081300000, 0x0000000081300000|100%| O|  |TAMS 0x0000000081300000, 0x0000000081200000| Untracked 
|  19|0x0000000081300000, 0x0000000081400000, 0x0000000081400000|100%| O|  |TAMS 0x0000000081400000, 0x0000000081300000| Untracked 
|  20|0x0000000081400000, 0x0000000081500000, 0x0000000081500000|100%| O|  |TAMS 0x0000000081500000, 0x0000000081400000| Untracked 
|  21|0x0000000081500000, 0x0000000081600000, 0x0000000081600000|100%| O|  |TAMS 0x0000000081600000, 0x0000000081500000| Untracked 
|  22|0x0000000081600000, 0x0000000081700000, 0x0000000081700000|100%| O|  |TAMS 0x0000000081700000, 0x0000000081600000| Untracked 
|  23|0x0000000081700000, 0x0000000081800000, 0x0000000081800000|100%| O|  |TAMS 0x0000000081800000, 0x0000000081700000| Untracked 
|  24|0x0000000081800000, 0x0000000081900000, 0x0000000081900000|100%| O|  |TAMS 0x0000000081900000, 0x0000000081800000| Untracked 
|  25|0x0000000081900000, 0x0000000081a00000, 0x0000000081a00000|100%| O|  |TAMS 0x0000000081a00000, 0x0000000081900000| Untracked 
|  26|0x0000000081a00000, 0x0000000081b00000, 0x0000000081b00000|100%| O|  |TAMS 0x0000000081b00000, 0x0000000081a00000| Untracked 
|  27|0x0000000081b00000, 0x0000000081c00000, 0x0000000081c00000|100%| O|  |TAMS 0x0000000081c00000, 0x0000000081b00000| Untracked 
|  28|0x0000000081c00000, 0x0000000081d00000, 0x0000000081d00000|100%| O|  |TAMS 0x0000000081d00000, 0x0000000081c00000| Untracked 
|  29|0x0000000081d00000, 0x0000000081e00000, 0x0000000081e00000|100%| O|  |TAMS 0x0000000081e00000, 0x0000000081d00000| Untracked 
|  30|0x0000000081e00000, 0x0000000081f00000, 0x0000000081f00000|100%| O|  |TAMS 0x0000000081f00000, 0x0000000081e00000| Untracked 
|  31|0x0000000081f00000, 0x0000000082000000, 0x0000000082000000|100%| O|  |TAMS 0x0000000082000000, 0x0000000081f00000| Untracked 
|  32|0x0000000082000000, 0x0000000082100000, 0x0000000082100000|100%|HS|  |TAMS 0x0000000082100000, 0x0000000082000000| Complete 
|  33|0x0000000082100000, 0x0000000082200000, 0x0000000082200000|100%|HS|  |TAMS 0x0000000082200000, 0x0000000082100000| Complete 
|  34|0x0000000082200000, 0x0000000082300000, 0x0000000082300000|100%|HC|  |TAMS 0x0000000082300000, 0x0000000082200000| Complete 
|  35|0x0000000082300000, 0x0000000082400000, 0x0000000082400000|100%|HC|  |TAMS 0x0000000082400000, 0x0000000082300000| Complete 
|  36|0x0000000082400000, 0x0000000082500000, 0x0000000082500000|100%| O|  |TAMS 0x0000000082500000, 0x0000000082400000| Untracked 
|  37|0x0000000082500000, 0x0000000082600000, 0x0000000082600000|100%| O|  |TAMS 0x0000000082600000, 0x0000000082500000| Untracked 
|  38|0x0000000082600000, 0x0000000082700000, 0x0000000082700000|100%| O|  |TAMS 0x0000000082700000, 0x0000000082600000| Untracked 
|  39|0x0000000082700000, 0x0000000082800000, 0x0000000082800000|100%| O|  |TAMS 0x0000000082800000, 0x0000000082700000| Untracked 
|  40|0x0000000082800000, 0x0000000082900000, 0x0000000082900000|100%| O|  |TAMS 0x0000000082900000, 0x0000000082800000| Untracked 
|  41|0x0000000082900000, 0x0000000082a00000, 0x0000000082a00000|100%| O|  |TAMS 0x0000000082a00000, 0x0000000082900000| Untracked 
|  42|0x0000000082a00000, 0x0000000082b00000, 0x0000000082b00000|100%| O|  |TAMS 0x0000000082b00000, 0x0000000082a00000| Untracked 
|  43|0x0000000082b00000, 0x0000000082c00000, 0x0000000082c00000|100%| O|  |TAMS 0x0000000082c00000, 0x0000000082b00000| Untracked 
|  44|0x0000000082c00000, 0x0000000082d00000, 0x0000000082d00000|100%| O|  |TAMS 0x0000000082d00000, 0x0000000082c00000| Untracked 
|  45|0x0000000082d00000, 0x0000000082e00000, 0x0000000082e00000|100%| O|  |TAMS 0x0000000082e00000, 0x0000000082d00000| Untracked 
|  46|0x0000000082e00000, 0x0000000082f00000, 0x0000000082f00000|100%| O|  |TAMS 0x0000000082f00000, 0x0000000082e00000| Untracked 
|  47|0x0000000082f00000, 0x0000000083000000, 0x0000000083000000|100%| O|  |TAMS 0x0000000083000000, 0x0000000082f00000| Untracked 
|  48|0x0000000083000000, 0x0000000083100000, 0x0000000083100000|100%| O|  |TAMS 0x0000000083100000, 0x0000000083000000| Untracked 
|  49|0x0000000083100000, 0x0000000083200000, 0x0000000083200000|100%|HS|  |TAMS 0x0000000083200000, 0x0000000083100000| Complete 
|  50|0x0000000083200000, 0x0000000083300000, 0x0000000083300000|100%| O|  |TAMS 0x0000000083300000, 0x0000000083200000| Untracked 
|  51|0x0000000083300000, 0x0000000083400000, 0x0000000083400000|100%| O|  |TAMS 0x0000000083400000, 0x0000000083300000| Untracked 
|  52|0x0000000083400000, 0x0000000083500000, 0x0000000083500000|100%|HS|  |TAMS 0x0000000083500000, 0x0000000083400000| Complete 
|  53|0x0000000083500000, 0x0000000083600000, 0x0000000083600000|100%| O|  |TAMS 0x0000000083600000, 0x0000000083500000| Untracked 
|  54|0x0000000083600000, 0x0000000083700000, 0x0000000083700000|100%|HS|  |TAMS 0x0000000083700000, 0x0000000083600000| Complete 
|  55|0x0000000083700000, 0x0000000083800000, 0x0000000083800000|100%|HC|  |TAMS 0x0000000083800000, 0x0000000083700000| Complete 
|  56|0x0000000083800000, 0x0000000083900000, 0x0000000083900000|100%| O|  |TAMS 0x0000000083900000, 0x0000000083800000| Untracked 
|  57|0x0000000083900000, 0x0000000083a00000, 0x0000000083a00000|100%| O|  |TAMS 0x0000000083a00000, 0x0000000083900000| Untracked 
|  58|0x0000000083a00000, 0x0000000083b00000, 0x0000000083b00000|100%| O|  |TAMS 0x0000000083b00000, 0x0000000083a00000| Untracked 
|  59|0x0000000083b00000, 0x0000000083c00000, 0x0000000083c00000|100%| O|  |TAMS 0x0000000083c00000, 0x0000000083b00000| Untracked 
|  60|0x0000000083c00000, 0x0000000083d00000, 0x0000000083d00000|100%| O|  |TAMS 0x0000000083d00000, 0x0000000083c00000| Untracked 
|  61|0x0000000083d00000, 0x0000000083e00000, 0x0000000083e00000|100%| O|  |TAMS 0x0000000083e00000, 0x0000000083d00000| Untracked 
|  62|0x0000000083e00000, 0x0000000083f00000, 0x0000000083f00000|100%| O|  |TAMS 0x0000000083f00000, 0x0000000083e00000| Untracked 
|  63|0x0000000083f00000, 0x0000000084000000, 0x0000000084000000|100%| O|  |TAMS 0x0000000084000000, 0x0000000083f00000| Untracked 
|  64|0x0000000084000000, 0x0000000084100000, 0x0000000084100000|100%| O|  |TAMS 0x0000000084100000, 0x0000000084000000| Untracked 
|  65|0x0000000084100000, 0x0000000084200000, 0x0000000084200000|100%| O|  |TAMS 0x0000000084200000, 0x0000000084100000| Untracked 
|  66|0x0000000084200000, 0x0000000084300000, 0x0000000084300000|100%| O|  |TAMS 0x0000000084300000, 0x0000000084200000| Untracked 
|  67|0x0000000084300000, 0x0000000084400000, 0x0000000084400000|100%| O|  |TAMS 0x0000000084400000, 0x0000000084300000| Untracked 
|  68|0x0000000084400000, 0x0000000084500000, 0x0000000084500000|100%| O|  |TAMS 0x0000000084500000, 0x0000000084400000| Untracked 
|  69|0x0000000084500000, 0x0000000084600000, 0x0000000084600000|100%| O|  |TAMS 0x0000000084600000, 0x0000000084500000| Untracked 
|  70|0x0000000084600000, 0x0000000084700000, 0x0000000084700000|100%| O|  |TAMS 0x0000000084700000, 0x0000000084600000| Untracked 
|  71|0x0000000084700000, 0x0000000084800000, 0x0000000084800000|100%| O|  |TAMS 0x0000000084800000, 0x0000000084700000| Untracked 
|  72|0x0000000084800000, 0x0000000084900000, 0x0000000084900000|100%| O|  |TAMS 0x0000000084900000, 0x0000000084800000| Untracked 
|  73|0x0000000084900000, 0x0000000084a00000, 0x0000000084a00000|100%| O|  |TAMS 0x0000000084a00000, 0x0000000084900000| Untracked 
|  74|0x0000000084a00000, 0x0000000084b00000, 0x0000000084b00000|100%| O|  |TAMS 0x0000000084b00000, 0x0000000084a00000| Untracked 
|  75|0x0000000084b00000, 0x0000000084c00000, 0x0000000084c00000|100%| O|  |TAMS 0x0000000084c00000, 0x0000000084b00000| Untracked 
|  76|0x0000000084c00000, 0x0000000084d00000, 0x0000000084d00000|100%| O|  |TAMS 0x0000000084d00000, 0x0000000084c00000| Untracked 
|  77|0x0000000084d00000, 0x0000000084e00000, 0x0000000084e00000|100%| O|  |TAMS 0x0000000084e00000, 0x0000000084d00000| Untracked 
|  78|0x0000000084e00000, 0x0000000084f00000, 0x0000000084f00000|100%| O|  |TAMS 0x0000000084f00000, 0x0000000084e00000| Untracked 
|  79|0x0000000084f00000, 0x0000000085000000, 0x0000000085000000|100%| O|  |TAMS 0x0000000085000000, 0x0000000084f00000| Untracked 
|  80|0x0000000085000000, 0x0000000085100000, 0x0000000085100000|100%| O|  |TAMS 0x0000000085100000, 0x0000000085000000| Untracked 
|  81|0x0000000085100000, 0x0000000085200000, 0x0000000085200000|100%| O|  |TAMS 0x0000000085200000, 0x0000000085100000| Untracked 
|  82|0x0000000085200000, 0x0000000085300000, 0x0000000085300000|100%| O|  |TAMS 0x0000000085300000, 0x0000000085200000| Untracked 
|  83|0x0000000085300000, 0x0000000085400000, 0x0000000085400000|100%|HS|  |TAMS 0x0000000085400000, 0x0000000085300000| Complete 
|  84|0x0000000085400000, 0x0000000085500000, 0x0000000085500000|100%|HS|  |TAMS 0x0000000085500000, 0x0000000085400000| Complete 
|  85|0x0000000085500000, 0x0000000085600000, 0x0000000085600000|100%|HC|  |TAMS 0x0000000085600000, 0x0000000085500000| Complete 
|  86|0x0000000085600000, 0x0000000085700000, 0x0000000085700000|100%|HC|  |TAMS 0x0000000085700000, 0x0000000085600000| Complete 
|  87|0x0000000085700000, 0x0000000085800000, 0x0000000085800000|100%| O|  |TAMS 0x0000000085800000, 0x0000000085700000| Untracked 
|  88|0x0000000085800000, 0x0000000085900000, 0x0000000085900000|100%| O|  |TAMS 0x0000000085900000, 0x0000000085800000| Untracked 
|  89|0x0000000085900000, 0x0000000085a00000, 0x0000000085a00000|100%| O|  |TAMS 0x0000000085a00000, 0x0000000085900000| Untracked 
|  90|0x0000000085a00000, 0x0000000085b00000, 0x0000000085b00000|100%| O|  |TAMS 0x0000000085b00000, 0x0000000085a00000| Untracked 
|  91|0x0000000085b00000, 0x0000000085c00000, 0x0000000085c00000|100%| O|  |TAMS 0x0000000085c00000, 0x0000000085b00000| Untracked 
|  92|0x0000000085c00000, 0x0000000085d00000, 0x0000000085d00000|100%| O|  |TAMS 0x0000000085d00000, 0x0000000085c00000| Untracked 
|  93|0x0000000085d00000, 0x0000000085e00000, 0x0000000085e00000|100%|HS|  |TAMS 0x0000000085e00000, 0x0000000085d00000| Complete 
|  94|0x0000000085e00000, 0x0000000085f00000, 0x0000000085f00000|100%| O|  |TAMS 0x0000000085f00000, 0x0000000085e00000| Untracked 
|  95|0x0000000085f00000, 0x0000000086000000, 0x0000000086000000|100%| O|  |TAMS 0x0000000086000000, 0x0000000085f00000| Untracked 
|  96|0x0000000086000000, 0x0000000086100000, 0x0000000086100000|100%| O|  |TAMS 0x0000000086100000, 0x0000000086000000| Untracked 
|  97|0x0000000086100000, 0x0000000086200000, 0x0000000086200000|100%| O|  |TAMS 0x0000000086200000, 0x0000000086100000| Untracked 
|  98|0x0000000086200000, 0x0000000086300000, 0x0000000086300000|100%| O|  |TAMS 0x0000000086300000, 0x0000000086200000| Untracked 
|  99|0x0000000086300000, 0x0000000086400000, 0x0000000086400000|100%| O|  |TAMS 0x0000000086400000, 0x0000000086300000| Untracked 
| 100|0x0000000086400000, 0x0000000086500000, 0x0000000086500000|100%| O|  |TAMS 0x0000000086500000, 0x0000000086400000| Untracked 
| 101|0x0000000086500000, 0x0000000086600000, 0x0000000086600000|100%| O|  |TAMS 0x0000000086600000, 0x0000000086500000| Untracked 
| 102|0x0000000086600000, 0x0000000086700000, 0x0000000086700000|100%|HS|  |TAMS 0x0000000086700000, 0x0000000086600000| Complete 
| 103|0x0000000086700000, 0x0000000086800000, 0x0000000086800000|100%|HC|  |TAMS 0x0000000086800000, 0x0000000086700000| Complete 
| 104|0x0000000086800000, 0x0000000086900000, 0x0000000086900000|100%|HC|  |TAMS 0x0000000086900000, 0x0000000086800000| Complete 
| 105|0x0000000086900000, 0x0000000086a00000, 0x0000000086a00000|100%| O|  |TAMS 0x0000000086a00000, 0x0000000086900000| Untracked 
| 106|0x0000000086a00000, 0x0000000086b00000, 0x0000000086b00000|100%| O|  |TAMS 0x0000000086b00000, 0x0000000086a00000| Untracked 
| 107|0x0000000086b00000, 0x0000000086c00000, 0x0000000086c00000|100%| O|  |TAMS 0x0000000086c00000, 0x0000000086b00000| Untracked 
| 108|0x0000000086c00000, 0x0000000086d00000, 0x0000000086d00000|100%| O|  |TAMS 0x0000000086d00000, 0x0000000086c00000| Untracked 
| 109|0x0000000086d00000, 0x0000000086e00000, 0x0000000086e00000|100%|HS|  |TAMS 0x0000000086e00000, 0x0000000086d00000| Complete 
| 110|0x0000000086e00000, 0x0000000086f00000, 0x0000000086f00000|100%|HC|  |TAMS 0x0000000086f00000, 0x0000000086e00000| Complete 
| 111|0x0000000086f00000, 0x0000000087000000, 0x0000000087000000|100%|HC|  |TAMS 0x0000000087000000, 0x0000000086f00000| Complete 
| 112|0x0000000087000000, 0x0000000087100000, 0x0000000087100000|100%|HS|  |TAMS 0x0000000087100000, 0x0000000087000000| Complete 
| 113|0x0000000087100000, 0x0000000087200000, 0x0000000087200000|100%|HC|  |TAMS 0x0000000087200000, 0x0000000087100000| Complete 
| 114|0x0000000087200000, 0x0000000087300000, 0x0000000087300000|100%| O|  |TAMS 0x0000000087300000, 0x0000000087200000| Untracked 
| 115|0x0000000087300000, 0x0000000087400000, 0x0000000087400000|100%| O|  |TAMS 0x0000000087400000, 0x0000000087300000| Untracked 
| 116|0x0000000087400000, 0x0000000087500000, 0x0000000087500000|100%| O|  |TAMS 0x0000000087500000, 0x0000000087400000| Untracked 
| 117|0x0000000087500000, 0x0000000087600000, 0x0000000087600000|100%| O|  |TAMS 0x0000000087600000, 0x0000000087500000| Untracked 
| 118|0x0000000087600000, 0x0000000087700000, 0x0000000087700000|100%| O|  |TAMS 0x0000000087700000, 0x0000000087600000| Untracked 
| 119|0x0000000087700000, 0x0000000087800000, 0x0000000087800000|100%| O|  |TAMS 0x0000000087800000, 0x0000000087700000| Untracked 
| 120|0x0000000087800000, 0x0000000087900000, 0x0000000087900000|100%| O|  |TAMS 0x0000000087900000, 0x0000000087800000| Untracked 
| 121|0x0000000087900000, 0x0000000087a00000, 0x0000000087a00000|100%| O|  |TAMS 0x0000000087a00000, 0x0000000087900000| Untracked 
| 122|0x0000000087a00000, 0x0000000087b00000, 0x0000000087b00000|100%| O|  |TAMS 0x0000000087b00000, 0x0000000087a00000| Untracked 
| 123|0x0000000087b00000, 0x0000000087c00000, 0x0000000087c00000|100%| O|  |TAMS 0x0000000087c00000, 0x0000000087b00000| Untracked 
| 124|0x0000000087c00000, 0x0000000087d00000, 0x0000000087d00000|100%| O|  |TAMS 0x0000000087d00000, 0x0000000087c00000| Untracked 
| 125|0x0000000087d00000, 0x0000000087e00000, 0x0000000087e00000|100%| O|  |TAMS 0x0000000087e00000, 0x0000000087d00000| Untracked 
| 126|0x0000000087e00000, 0x0000000087f00000, 0x0000000087f00000|100%| O|  |TAMS 0x0000000087f00000, 0x0000000087e00000| Untracked 
| 127|0x0000000087f00000, 0x0000000088000000, 0x0000000088000000|100%| O|  |TAMS 0x0000000088000000, 0x0000000087f00000| Untracked 
| 128|0x0000000088000000, 0x0000000088100000, 0x0000000088100000|100%| O|  |TAMS 0x0000000088100000, 0x0000000088000000| Untracked 
| 129|0x0000000088100000, 0x0000000088200000, 0x0000000088200000|100%| O|  |TAMS 0x0000000088200000, 0x0000000088100000| Untracked 
| 130|0x0000000088200000, 0x0000000088300000, 0x0000000088300000|100%| O|  |TAMS 0x0000000088300000, 0x0000000088200000| Untracked 
| 131|0x0000000088300000, 0x0000000088400000, 0x0000000088400000|100%| O|  |TAMS 0x0000000088400000, 0x0000000088300000| Untracked 
| 132|0x0000000088400000, 0x0000000088500000, 0x0000000088500000|100%| O|  |TAMS 0x0000000088500000, 0x0000000088400000| Untracked 
| 133|0x0000000088500000, 0x0000000088600000, 0x0000000088600000|100%| O|  |TAMS 0x0000000088600000, 0x0000000088500000| Untracked 
| 134|0x0000000088600000, 0x0000000088700000, 0x0000000088700000|100%| O|  |TAMS 0x0000000088700000, 0x0000000088600000| Untracked 
| 135|0x0000000088700000, 0x0000000088800000, 0x0000000088800000|100%| O|  |TAMS 0x0000000088800000, 0x0000000088700000| Untracked 
| 136|0x0000000088800000, 0x0000000088900000, 0x0000000088900000|100%| O|  |TAMS 0x0000000088900000, 0x0000000088800000| Untracked 
| 137|0x0000000088900000, 0x0000000088a00000, 0x0000000088a00000|100%| O|  |TAMS 0x0000000088a00000, 0x0000000088900000| Untracked 
| 138|0x0000000088a00000, 0x0000000088b00000, 0x0000000088b00000|100%| O|  |TAMS 0x0000000088b00000, 0x0000000088a00000| Untracked 
| 139|0x0000000088b00000, 0x0000000088c00000, 0x0000000088c00000|100%| O|  |TAMS 0x0000000088c00000, 0x0000000088b00000| Untracked 
| 140|0x0000000088c00000, 0x0000000088d00000, 0x0000000088d00000|100%| O|  |TAMS 0x0000000088d00000, 0x0000000088c00000| Untracked 
| 141|0x0000000088d00000, 0x0000000088e00000, 0x0000000088e00000|100%| O|  |TAMS 0x0000000088e00000, 0x0000000088d00000| Untracked 
| 142|0x0000000088e00000, 0x0000000088f00000, 0x0000000088f00000|100%| O|  |TAMS 0x0000000088f00000, 0x0000000088e00000| Untracked 
| 143|0x0000000088f00000, 0x0000000089000000, 0x0000000089000000|100%| O|  |TAMS 0x0000000089000000, 0x0000000088f00000| Untracked 
| 144|0x0000000089000000, 0x0000000089100000, 0x0000000089100000|100%| O|  |TAMS 0x0000000089100000, 0x0000000089000000| Untracked 
| 145|0x0000000089100000, 0x0000000089200000, 0x0000000089200000|100%| O|  |TAMS 0x0000000089200000, 0x0000000089100000| Untracked 
| 146|0x0000000089200000, 0x0000000089300000, 0x0000000089300000|100%| O|  |TAMS 0x0000000089300000, 0x0000000089200000| Untracked 
| 147|0x0000000089300000, 0x0000000089400000, 0x0000000089400000|100%| O|  |TAMS 0x0000000089400000, 0x0000000089300000| Untracked 
| 148|0x0000000089400000, 0x0000000089500000, 0x0000000089500000|100%| O|  |TAMS 0x0000000089500000, 0x0000000089400000| Untracked 
| 149|0x0000000089500000, 0x0000000089600000, 0x0000000089600000|100%| O|  |TAMS 0x0000000089600000, 0x0000000089500000| Untracked 
| 150|0x0000000089600000, 0x0000000089700000, 0x0000000089700000|100%| O|  |TAMS 0x0000000089700000, 0x0000000089600000| Untracked 
| 151|0x0000000089700000, 0x0000000089800000, 0x0000000089800000|100%| O|  |TAMS 0x0000000089800000, 0x0000000089700000| Untracked 
| 152|0x0000000089800000, 0x0000000089900000, 0x0000000089900000|100%| O|  |TAMS 0x0000000089900000, 0x0000000089800000| Untracked 
| 153|0x0000000089900000, 0x0000000089a00000, 0x0000000089a00000|100%| O|  |TAMS 0x0000000089a00000, 0x0000000089900000| Untracked 
| 154|0x0000000089a00000, 0x0000000089b00000, 0x0000000089b00000|100%| O|  |TAMS 0x0000000089b00000, 0x0000000089a00000| Untracked 
| 155|0x0000000089b00000, 0x0000000089c00000, 0x0000000089c00000|100%| O|  |TAMS 0x0000000089c00000, 0x0000000089b00000| Untracked 
| 156|0x0000000089c00000, 0x0000000089d00000, 0x0000000089d00000|100%| O|  |TAMS 0x0000000089d00000, 0x0000000089c00000| Untracked 
| 157|0x0000000089d00000, 0x0000000089e00000, 0x0000000089e00000|100%| O|  |TAMS 0x0000000089e00000, 0x0000000089d00000| Untracked 
| 158|0x0000000089e00000, 0x0000000089f00000, 0x0000000089f00000|100%| O|  |TAMS 0x0000000089f00000, 0x0000000089e00000| Untracked 
| 159|0x0000000089f00000, 0x000000008a000000, 0x000000008a000000|100%| O|  |TAMS 0x000000008a000000, 0x0000000089f00000| Untracked 
| 160|0x000000008a000000, 0x000000008a100000, 0x000000008a100000|100%| O|  |TAMS 0x000000008a100000, 0x000000008a000000| Untracked 
| 161|0x000000008a100000, 0x000000008a200000, 0x000000008a200000|100%| O|  |TAMS 0x000000008a200000, 0x000000008a100000| Untracked 
| 162|0x000000008a200000, 0x000000008a300000, 0x000000008a300000|100%| O|  |TAMS 0x000000008a300000, 0x000000008a200000| Untracked 
| 163|0x000000008a300000, 0x000000008a400000, 0x000000008a400000|100%| O|  |TAMS 0x000000008a400000, 0x000000008a300000| Untracked 
| 164|0x000000008a400000, 0x000000008a500000, 0x000000008a500000|100%| O|  |TAMS 0x000000008a500000, 0x000000008a400000| Untracked 
| 165|0x000000008a500000, 0x000000008a600000, 0x000000008a600000|100%| O|  |TAMS 0x000000008a5d2600, 0x000000008a500000| Untracked 
| 166|0x000000008a600000, 0x000000008a700000, 0x000000008a700000|100%| O|  |TAMS 0x000000008a700000, 0x000000008a600000| Untracked 
| 167|0x000000008a700000, 0x000000008a800000, 0x000000008a800000|100%| O|  |TAMS 0x000000008a800000, 0x000000008a700000| Untracked 
| 168|0x000000008a800000, 0x000000008a900000, 0x000000008a900000|100%| O|  |TAMS 0x000000008a900000, 0x000000008a800000| Untracked 
| 169|0x000000008a900000, 0x000000008aa00000, 0x000000008aa00000|100%| O|  |TAMS 0x000000008aa00000, 0x000000008a900000| Untracked 
| 170|0x000000008aa00000, 0x000000008ab00000, 0x000000008ab00000|100%| O|  |TAMS 0x000000008ab00000, 0x000000008aa00000| Untracked 
| 171|0x000000008ab00000, 0x000000008ac00000, 0x000000008ac00000|100%| O|  |TAMS 0x000000008ab00000, 0x000000008ab00000| Untracked 
| 172|0x000000008ac00000, 0x000000008ad00000, 0x000000008ad00000|100%| O|  |TAMS 0x000000008ad00000, 0x000000008ac00000| Untracked 
| 173|0x000000008ad00000, 0x000000008ae00000, 0x000000008ae00000|100%| O|  |TAMS 0x000000008ae00000, 0x000000008ad00000| Untracked 
| 174|0x000000008ae00000, 0x000000008af00000, 0x000000008af00000|100%| O|  |TAMS 0x000000008af00000, 0x000000008ae00000| Untracked 
| 175|0x000000008af00000, 0x000000008b000000, 0x000000008b000000|100%| O|  |TAMS 0x000000008b000000, 0x000000008af00000| Untracked 
| 176|0x000000008b000000, 0x000000008b100000, 0x000000008b100000|100%| O|  |TAMS 0x000000008b100000, 0x000000008b000000| Untracked 
| 177|0x000000008b100000, 0x000000008b200000, 0x000000008b200000|100%| O|  |TAMS 0x000000008b200000, 0x000000008b100000| Untracked 
| 178|0x000000008b200000, 0x000000008b300000, 0x000000008b300000|100%| O|  |TAMS 0x000000008b300000, 0x000000008b200000| Untracked 
| 179|0x000000008b300000, 0x000000008b400000, 0x000000008b400000|100%| O|  |TAMS 0x000000008b400000, 0x000000008b300000| Untracked 
| 180|0x000000008b400000, 0x000000008b500000, 0x000000008b500000|100%| O|  |TAMS 0x000000008b500000, 0x000000008b400000| Untracked 
| 181|0x000000008b500000, 0x000000008b600000, 0x000000008b600000|100%| O|  |TAMS 0x000000008b600000, 0x000000008b500000| Untracked 
| 182|0x000000008b600000, 0x000000008b700000, 0x000000008b700000|100%| O|  |TAMS 0x000000008b700000, 0x000000008b600000| Untracked 
| 183|0x000000008b700000, 0x000000008b800000, 0x000000008b800000|100%| O|  |TAMS 0x000000008b700000, 0x000000008b700000| Untracked 
| 184|0x000000008b800000, 0x000000008b900000, 0x000000008b900000|100%| O|  |TAMS 0x000000008b900000, 0x000000008b800000| Untracked 
| 185|0x000000008b900000, 0x000000008ba00000, 0x000000008ba00000|100%| O|  |TAMS 0x000000008b900000, 0x000000008b900000| Untracked 
| 186|0x000000008ba00000, 0x000000008bb00000, 0x000000008bb00000|100%| O|  |TAMS 0x000000008bb00000, 0x000000008ba00000| Untracked 
| 187|0x000000008bb00000, 0x000000008bc00000, 0x000000008bc00000|100%| O|  |TAMS 0x000000008bc00000, 0x000000008bb00000| Untracked 
| 188|0x000000008bc00000, 0x000000008bd00000, 0x000000008bd00000|100%| O|  |TAMS 0x000000008bd00000, 0x000000008bc00000| Untracked 
| 189|0x000000008bd00000, 0x000000008be00000, 0x000000008be00000|100%|HS|  |TAMS 0x000000008bd00000, 0x000000008bd00000| Complete 
| 190|0x000000008be00000, 0x000000008bf00000, 0x000000008bf00000|100%|HC|  |TAMS 0x000000008be00000, 0x000000008be00000| Complete 
| 191|0x000000008bf00000, 0x000000008c000000, 0x000000008c000000|100%| O|  |TAMS 0x000000008bf00000, 0x000000008bf00000| Untracked 
| 192|0x000000008c000000, 0x000000008c100000, 0x000000008c100000|100%| O|  |TAMS 0x000000008c000000, 0x000000008c000000| Untracked 
| 193|0x000000008c100000, 0x000000008c200000, 0x000000008c200000|100%| O|  |TAMS 0x000000008c100000, 0x000000008c100000| Untracked 
| 194|0x000000008c200000, 0x000000008c300000, 0x000000008c300000|100%| O|  |TAMS 0x000000008c300000, 0x000000008c200000| Untracked 
| 195|0x000000008c300000, 0x000000008c400000, 0x000000008c400000|100%| O|  |TAMS 0x000000008c300000, 0x000000008c300000| Untracked 
| 196|0x000000008c400000, 0x000000008c500000, 0x000000008c500000|100%| O|  |TAMS 0x000000008c500000, 0x000000008c400000| Untracked 
| 197|0x000000008c500000, 0x000000008c600000, 0x000000008c600000|100%| O|  |TAMS 0x000000008c600000, 0x000000008c500000| Untracked 
| 198|0x000000008c600000, 0x000000008c700000, 0x000000008c700000|100%| O|  |TAMS 0x000000008c700000, 0x000000008c600000| Untracked 
| 199|0x000000008c700000, 0x000000008c800000, 0x000000008c800000|100%| O|  |TAMS 0x000000008c700000, 0x000000008c700000| Untracked 
| 200|0x000000008c800000, 0x000000008c900000, 0x000000008c900000|100%| O|  |TAMS 0x000000008c900000, 0x000000008c800000| Untracked 
| 201|0x000000008c900000, 0x000000008ca00000, 0x000000008ca00000|100%| O|  |TAMS 0x000000008c900000, 0x000000008c900000| Untracked 
| 202|0x000000008ca00000, 0x000000008cb00000, 0x000000008cb00000|100%| O|  |TAMS 0x000000008ca00000, 0x000000008ca00000| Untracked 
| 203|0x000000008cb00000, 0x000000008cc00000, 0x000000008cc00000|100%| O|  |TAMS 0x000000008cb00000, 0x000000008cb00000| Untracked 
| 204|0x000000008cc00000, 0x000000008cd00000, 0x000000008cd00000|100%| O|  |TAMS 0x000000008cd00000, 0x000000008cc00000| Untracked 
| 205|0x000000008cd00000, 0x000000008ce00000, 0x000000008ce00000|100%| O|  |TAMS 0x000000008ce00000, 0x000000008cd00000| Untracked 
| 206|0x000000008ce00000, 0x000000008cf00000, 0x000000008cf00000|100%| O|  |TAMS 0x000000008cf00000, 0x000000008ce00000| Untracked 
| 207|0x000000008cf00000, 0x000000008d000000, 0x000000008d000000|100%| O|  |TAMS 0x000000008d000000, 0x000000008cf00000| Untracked 
| 208|0x000000008d000000, 0x000000008d100000, 0x000000008d100000|100%| O|  |TAMS 0x000000008d100000, 0x000000008d000000| Untracked 
| 209|0x000000008d100000, 0x000000008d200000, 0x000000008d200000|100%| O|  |TAMS 0x000000008d200000, 0x000000008d100000| Untracked 
| 210|0x000000008d200000, 0x000000008d300000, 0x000000008d300000|100%| O|  |TAMS 0x000000008d200000, 0x000000008d200000| Untracked 
| 211|0x000000008d300000, 0x000000008d400000, 0x000000008d400000|100%| O|  |TAMS 0x000000008d300000, 0x000000008d300000| Untracked 
| 212|0x000000008d400000, 0x000000008d500000, 0x000000008d500000|100%| O|  |TAMS 0x000000008d400000, 0x000000008d400000| Untracked 
| 213|0x000000008d500000, 0x000000008d600000, 0x000000008d600000|100%| O|  |TAMS 0x000000008d500000, 0x000000008d500000| Untracked 
| 214|0x000000008d600000, 0x000000008d700000, 0x000000008d700000|100%| O|  |TAMS 0x000000008d600000, 0x000000008d600000| Untracked 
| 215|0x000000008d700000, 0x000000008d800000, 0x000000008d800000|100%| O|  |TAMS 0x000000008d800000, 0x000000008d700000| Untracked 
| 216|0x000000008d800000, 0x000000008d900000, 0x000000008d900000|100%| O|  |TAMS 0x000000008d900000, 0x000000008d800000| Untracked 
| 217|0x000000008d900000, 0x000000008da00000, 0x000000008da00000|100%| O|  |TAMS 0x000000008da00000, 0x000000008d900000| Untracked 
| 218|0x000000008da00000, 0x000000008db00000, 0x000000008db00000|100%| O|  |TAMS 0x000000008db00000, 0x000000008da00000| Untracked 
| 219|0x000000008db00000, 0x000000008dc00000, 0x000000008dc00000|100%| O|  |TAMS 0x000000008dc00000, 0x000000008db00000| Untracked 
| 220|0x000000008dc00000, 0x000000008dd00000, 0x000000008dd00000|100%| O|  |TAMS 0x000000008dd00000, 0x000000008dc00000| Untracked 
| 221|0x000000008dd00000, 0x000000008de00000, 0x000000008de00000|100%| O|  |TAMS 0x000000008de00000, 0x000000008dd00000| Untracked 
| 222|0x000000008de00000, 0x000000008df00000, 0x000000008df00000|100%| O|  |TAMS 0x000000008df00000, 0x000000008de00000| Untracked 
| 223|0x000000008df00000, 0x000000008e000000, 0x000000008e000000|100%| O|  |TAMS 0x000000008e000000, 0x000000008df00000| Untracked 
| 224|0x000000008e000000, 0x000000008e100000, 0x000000008e100000|100%| O|  |TAMS 0x000000008e100000, 0x000000008e000000| Untracked 
| 225|0x000000008e100000, 0x000000008e200000, 0x000000008e200000|100%| O|  |TAMS 0x000000008e200000, 0x000000008e100000| Untracked 
| 226|0x000000008e200000, 0x000000008e300000, 0x000000008e300000|100%| O|  |TAMS 0x000000008e300000, 0x000000008e200000| Untracked 
| 227|0x000000008e300000, 0x000000008e400000, 0x000000008e400000|100%| O|  |TAMS 0x000000008e400000, 0x000000008e300000| Untracked 
| 228|0x000000008e400000, 0x000000008e500000, 0x000000008e500000|100%| O|  |TAMS 0x000000008e400000, 0x000000008e400000| Untracked 
| 229|0x000000008e500000, 0x000000008e600000, 0x000000008e600000|100%| O|  |TAMS 0x000000008e500000, 0x000000008e500000| Untracked 
| 230|0x000000008e600000, 0x000000008e700000, 0x000000008e700000|100%| O|  |TAMS 0x000000008e600000, 0x000000008e600000| Untracked 
| 231|0x000000008e700000, 0x000000008e800000, 0x000000008e800000|100%| O|  |TAMS 0x000000008e700000, 0x000000008e700000| Untracked 
| 232|0x000000008e800000, 0x000000008e900000, 0x000000008e900000|100%| O|  |TAMS 0x000000008e800000, 0x000000008e800000| Untracked 
| 233|0x000000008e900000, 0x000000008e9bae00, 0x000000008ea00000| 72%| O|  |TAMS 0x000000008e900000, 0x000000008e900000| Untracked 
| 234|0x000000008ea00000, 0x000000008ea00000, 0x000000008eb00000|  0%| F|  |TAMS 0x000000008ea00000, 0x000000008ea00000| Untracked 
| 235|0x000000008eb00000, 0x000000008eb00000, 0x000000008ec00000|  0%| F|  |TAMS 0x000000008eb00000, 0x000000008eb00000| Untracked 
| 236|0x000000008ec00000, 0x000000008ec00000, 0x000000008ed00000|  0%| F|  |TAMS 0x000000008ec00000, 0x000000008ec00000| Untracked 
| 237|0x000000008ed00000, 0x000000008ed00000, 0x000000008ee00000|  0%| F|  |TAMS 0x000000008ed00000, 0x000000008ed00000| Untracked 
| 238|0x000000008ee00000, 0x000000008ee00000, 0x000000008ef00000|  0%| F|  |TAMS 0x000000008ee00000, 0x000000008ee00000| Untracked 
| 239|0x000000008ef00000, 0x000000008ef00000, 0x000000008f000000|  0%| F|  |TAMS 0x000000008ef00000, 0x000000008ef00000| Untracked 
| 240|0x000000008f000000, 0x000000008f000000, 0x000000008f100000|  0%| F|  |TAMS 0x000000008f000000, 0x000000008f000000| Untracked 
| 241|0x000000008f100000, 0x000000008f100000, 0x000000008f200000|  0%| F|  |TAMS 0x000000008f100000, 0x000000008f100000| Untracked 
| 242|0x000000008f200000, 0x000000008f200000, 0x000000008f300000|  0%| F|  |TAMS 0x000000008f200000, 0x000000008f200000| Untracked 
| 243|0x000000008f300000, 0x000000008f300000, 0x000000008f400000|  0%| F|  |TAMS 0x000000008f300000, 0x000000008f300000| Untracked 
| 244|0x000000008f400000, 0x000000008f400000, 0x000000008f500000|  0%| F|  |TAMS 0x000000008f400000, 0x000000008f400000| Untracked 
| 245|0x000000008f500000, 0x000000008f500000, 0x000000008f600000|  0%| F|  |TAMS 0x000000008f500000, 0x000000008f500000| Untracked 
| 246|0x000000008f600000, 0x000000008f600000, 0x000000008f700000|  0%| F|  |TAMS 0x000000008f600000, 0x000000008f600000| Untracked 
| 247|0x000000008f700000, 0x000000008f700000, 0x000000008f800000|  0%| F|  |TAMS 0x000000008f700000, 0x000000008f700000| Untracked 
| 248|0x000000008f800000, 0x000000008f800000, 0x000000008f900000|  0%| F|  |TAMS 0x000000008f800000, 0x000000008f800000| Untracked 
| 249|0x000000008f900000, 0x000000008f900000, 0x000000008fa00000|  0%| F|  |TAMS 0x000000008f900000, 0x000000008f900000| Untracked 
| 250|0x000000008fa00000, 0x000000008fa00000, 0x000000008fb00000|  0%| F|  |TAMS 0x000000008fa00000, 0x000000008fa00000| Untracked 
| 251|0x000000008fb00000, 0x000000008fb00000, 0x000000008fc00000|  0%| F|  |TAMS 0x000000008fb00000, 0x000000008fb00000| Untracked 
| 252|0x000000008fc00000, 0x000000008fc00000, 0x000000008fd00000|  0%| F|  |TAMS 0x000000008fc00000, 0x000000008fc00000| Untracked 
| 253|0x000000008fd00000, 0x000000008fd00000, 0x000000008fe00000|  0%| F|  |TAMS 0x000000008fd00000, 0x000000008fd00000| Untracked 
| 254|0x000000008fe00000, 0x000000008fe00000, 0x000000008ff00000|  0%| F|  |TAMS 0x000000008fe00000, 0x000000008fe00000| Untracked 
| 255|0x000000008ff00000, 0x000000008ff00000, 0x0000000090000000|  0%| F|  |TAMS 0x000000008ff00000, 0x000000008ff00000| Untracked 
| 256|0x0000000090000000, 0x0000000090000000, 0x0000000090100000|  0%| F|  |TAMS 0x0000000090000000, 0x0000000090000000| Untracked 
| 257|0x0000000090100000, 0x0000000090100000, 0x0000000090200000|  0%| F|  |TAMS 0x0000000090100000, 0x0000000090100000| Untracked 
| 258|0x0000000090200000, 0x0000000090200000, 0x0000000090300000|  0%| F|  |TAMS 0x0000000090200000, 0x0000000090200000| Untracked 
| 259|0x0000000090300000, 0x0000000090300000, 0x0000000090400000|  0%| F|  |TAMS 0x0000000090300000, 0x0000000090300000| Untracked 
| 260|0x0000000090400000, 0x0000000090400000, 0x0000000090500000|  0%| F|  |TAMS 0x0000000090400000, 0x0000000090400000| Untracked 
| 261|0x0000000090500000, 0x0000000090500000, 0x0000000090600000|  0%| F|  |TAMS 0x0000000090500000, 0x0000000090500000| Untracked 
| 262|0x0000000090600000, 0x0000000090600000, 0x0000000090700000|  0%| F|  |TAMS 0x0000000090600000, 0x0000000090600000| Untracked 
| 263|0x0000000090700000, 0x0000000090700000, 0x0000000090800000|  0%| F|  |TAMS 0x0000000090700000, 0x0000000090700000| Untracked 
| 264|0x0000000090800000, 0x0000000090800000, 0x0000000090900000|  0%| F|  |TAMS 0x0000000090800000, 0x0000000090800000| Untracked 
| 265|0x0000000090900000, 0x0000000090900000, 0x0000000090a00000|  0%| F|  |TAMS 0x0000000090900000, 0x0000000090900000| Untracked 
| 266|0x0000000090a00000, 0x0000000090a00000, 0x0000000090b00000|  0%| F|  |TAMS 0x0000000090a00000, 0x0000000090a00000| Untracked 
| 267|0x0000000090b00000, 0x0000000090b00000, 0x0000000090c00000|  0%| F|  |TAMS 0x0000000090b00000, 0x0000000090b00000| Untracked 
| 268|0x0000000090c00000, 0x0000000090c00000, 0x0000000090d00000|  0%| F|  |TAMS 0x0000000090c00000, 0x0000000090c00000| Untracked 
| 269|0x0000000090d00000, 0x0000000090d00000, 0x0000000090e00000|  0%| F|  |TAMS 0x0000000090d00000, 0x0000000090d00000| Untracked 
| 270|0x0000000090e00000, 0x0000000090e00000, 0x0000000090f00000|  0%| F|  |TAMS 0x0000000090e00000, 0x0000000090e00000| Untracked 
| 271|0x0000000090f00000, 0x0000000090f00000, 0x0000000091000000|  0%| F|  |TAMS 0x0000000090f00000, 0x0000000090f00000| Untracked 
| 272|0x0000000091000000, 0x0000000091000000, 0x0000000091100000|  0%| F|  |TAMS 0x0000000091000000, 0x0000000091000000| Untracked 
| 273|0x0000000091100000, 0x0000000091100000, 0x0000000091200000|  0%| F|  |TAMS 0x0000000091100000, 0x0000000091100000| Untracked 
| 274|0x0000000091200000, 0x0000000091200000, 0x0000000091300000|  0%| F|  |TAMS 0x0000000091200000, 0x0000000091200000| Untracked 
| 275|0x0000000091300000, 0x0000000091300000, 0x0000000091400000|  0%| F|  |TAMS 0x0000000091300000, 0x0000000091300000| Untracked 
| 276|0x0000000091400000, 0x0000000091400000, 0x0000000091500000|  0%| F|  |TAMS 0x0000000091400000, 0x0000000091400000| Untracked 
| 277|0x0000000091500000, 0x0000000091500000, 0x0000000091600000|  0%| F|  |TAMS 0x0000000091500000, 0x0000000091500000| Untracked 
| 278|0x0000000091600000, 0x0000000091600000, 0x0000000091700000|  0%| F|  |TAMS 0x0000000091600000, 0x0000000091600000| Untracked 
| 279|0x0000000091700000, 0x0000000091700000, 0x0000000091800000|  0%| F|  |TAMS 0x0000000091700000, 0x0000000091700000| Untracked 
| 280|0x0000000091800000, 0x0000000091800000, 0x0000000091900000|  0%| F|  |TAMS 0x0000000091800000, 0x0000000091800000| Untracked 
| 281|0x0000000091900000, 0x0000000091900000, 0x0000000091a00000|  0%| F|  |TAMS 0x0000000091900000, 0x0000000091900000| Untracked 
| 282|0x0000000091a00000, 0x0000000091a00000, 0x0000000091b00000|  0%| F|  |TAMS 0x0000000091a00000, 0x0000000091a00000| Untracked 
| 283|0x0000000091b00000, 0x0000000091b00000, 0x0000000091c00000|  0%| F|  |TAMS 0x0000000091b00000, 0x0000000091b00000| Untracked 
| 284|0x0000000091c00000, 0x0000000091d00000, 0x0000000091d00000|100%| S|CS|TAMS 0x0000000091c00000, 0x0000000091c00000| Complete 
| 285|0x0000000091d00000, 0x0000000091e00000, 0x0000000091e00000|100%| S|CS|TAMS 0x0000000091d00000, 0x0000000091d00000| Complete 
| 286|0x0000000091e00000, 0x0000000091f00000, 0x0000000091f00000|100%| S|CS|TAMS 0x0000000091e00000, 0x0000000091e00000| Complete 
| 287|0x0000000091f00000, 0x0000000092000000, 0x0000000092000000|100%| S|CS|TAMS 0x0000000091f00000, 0x0000000091f00000| Complete 
| 288|0x0000000092000000, 0x0000000092100000, 0x0000000092100000|100%| S|CS|TAMS 0x0000000092000000, 0x0000000092000000| Complete 
| 289|0x0000000092100000, 0x0000000092200000, 0x0000000092200000|100%| S|CS|TAMS 0x0000000092100000, 0x0000000092100000| Complete 
| 290|0x0000000092200000, 0x0000000092300000, 0x0000000092300000|100%| S|CS|TAMS 0x0000000092200000, 0x0000000092200000| Complete 
| 291|0x0000000092300000, 0x0000000092400000, 0x0000000092400000|100%| S|CS|TAMS 0x0000000092300000, 0x0000000092300000| Complete 
| 292|0x0000000092400000, 0x0000000092500000, 0x0000000092500000|100%| S|CS|TAMS 0x0000000092400000, 0x0000000092400000| Complete 
| 293|0x0000000092500000, 0x0000000092600000, 0x0000000092600000|100%| S|CS|TAMS 0x0000000092500000, 0x0000000092500000| Complete 
| 294|0x0000000092600000, 0x0000000092600000, 0x0000000092700000|  0%| F|  |TAMS 0x0000000092600000, 0x0000000092600000| Untracked 
| 295|0x0000000092700000, 0x0000000092700000, 0x0000000092800000|  0%| F|  |TAMS 0x0000000092700000, 0x0000000092700000| Untracked 
| 296|0x0000000092800000, 0x0000000092800000, 0x0000000092900000|  0%| F|  |TAMS 0x0000000092800000, 0x0000000092800000| Untracked 
| 297|0x0000000092900000, 0x0000000092900000, 0x0000000092a00000|  0%| F|  |TAMS 0x0000000092900000, 0x0000000092900000| Untracked 
| 298|0x0000000092a00000, 0x0000000092a00000, 0x0000000092b00000|  0%| F|  |TAMS 0x0000000092a00000, 0x0000000092a00000| Untracked 
| 299|0x0000000092b00000, 0x0000000092b00000, 0x0000000092c00000|  0%| F|  |TAMS 0x0000000092b00000, 0x0000000092b00000| Untracked 
| 300|0x0000000092c00000, 0x0000000092c00000, 0x0000000092d00000|  0%| F|  |TAMS 0x0000000092c00000, 0x0000000092c00000| Untracked 
| 301|0x0000000092d00000, 0x0000000092d00000, 0x0000000092e00000|  0%| F|  |TAMS 0x0000000092d00000, 0x0000000092d00000| Untracked 
| 302|0x0000000092e00000, 0x0000000092e00000, 0x0000000092f00000|  0%| F|  |TAMS 0x0000000092e00000, 0x0000000092e00000| Untracked 
| 303|0x0000000092f00000, 0x0000000092f00000, 0x0000000093000000|  0%| F|  |TAMS 0x0000000092f00000, 0x0000000092f00000| Untracked 
| 304|0x0000000093000000, 0x0000000093000000, 0x0000000093100000|  0%| F|  |TAMS 0x0000000093000000, 0x0000000093000000| Untracked 
| 305|0x0000000093100000, 0x0000000093100000, 0x0000000093200000|  0%| F|  |TAMS 0x0000000093100000, 0x0000000093100000| Untracked 
| 306|0x0000000093200000, 0x0000000093200000, 0x0000000093300000|  0%| F|  |TAMS 0x0000000093200000, 0x0000000093200000| Untracked 
| 307|0x0000000093300000, 0x0000000093300000, 0x0000000093400000|  0%| F|  |TAMS 0x0000000093300000, 0x0000000093300000| Untracked 
| 308|0x0000000093400000, 0x0000000093400000, 0x0000000093500000|  0%| F|  |TAMS 0x0000000093400000, 0x0000000093400000| Untracked 
| 309|0x0000000093500000, 0x0000000093500000, 0x0000000093600000|  0%| F|  |TAMS 0x0000000093500000, 0x0000000093500000| Untracked 
| 310|0x0000000093600000, 0x0000000093600000, 0x0000000093700000|  0%| F|  |TAMS 0x0000000093600000, 0x0000000093600000| Untracked 
| 311|0x0000000093700000, 0x0000000093700000, 0x0000000093800000|  0%| F|  |TAMS 0x0000000093700000, 0x0000000093700000| Untracked 
| 312|0x0000000093800000, 0x0000000093800000, 0x0000000093900000|  0%| F|  |TAMS 0x0000000093800000, 0x0000000093800000| Untracked 
| 313|0x0000000093900000, 0x0000000093900000, 0x0000000093a00000|  0%| F|  |TAMS 0x0000000093900000, 0x0000000093900000| Untracked 
| 314|0x0000000093a00000, 0x0000000093a00000, 0x0000000093b00000|  0%| F|  |TAMS 0x0000000093a00000, 0x0000000093a00000| Untracked 
| 315|0x0000000093b00000, 0x0000000093b00000, 0x0000000093c00000|  0%| F|  |TAMS 0x0000000093b00000, 0x0000000093b00000| Untracked 
| 316|0x0000000093c00000, 0x0000000093c00000, 0x0000000093d00000|  0%| F|  |TAMS 0x0000000093c00000, 0x0000000093c00000| Untracked 
| 317|0x0000000093d00000, 0x0000000093d00000, 0x0000000093e00000|  0%| F|  |TAMS 0x0000000093d00000, 0x0000000093d00000| Untracked 
| 318|0x0000000093e00000, 0x0000000093e00000, 0x0000000093f00000|  0%| F|  |TAMS 0x0000000093e00000, 0x0000000093e00000| Untracked 
| 319|0x0000000093f00000, 0x0000000093f00000, 0x0000000094000000|  0%| F|  |TAMS 0x0000000093f00000, 0x0000000093f00000| Untracked 
| 320|0x0000000094000000, 0x0000000094000000, 0x0000000094100000|  0%| F|  |TAMS 0x0000000094000000, 0x0000000094000000| Untracked 
| 321|0x0000000094100000, 0x0000000094100000, 0x0000000094200000|  0%| F|  |TAMS 0x0000000094100000, 0x0000000094100000| Untracked 
| 322|0x0000000094200000, 0x0000000094200000, 0x0000000094300000|  0%| F|  |TAMS 0x0000000094200000, 0x0000000094200000| Untracked 
| 323|0x0000000094300000, 0x0000000094300000, 0x0000000094400000|  0%| F|  |TAMS 0x0000000094300000, 0x0000000094300000| Untracked 
| 324|0x0000000094400000, 0x0000000094400000, 0x0000000094500000|  0%| F|  |TAMS 0x0000000094400000, 0x0000000094400000| Untracked 
| 325|0x0000000094500000, 0x0000000094500000, 0x0000000094600000|  0%| F|  |TAMS 0x0000000094500000, 0x0000000094500000| Untracked 
| 326|0x0000000094600000, 0x0000000094600000, 0x0000000094700000|  0%| F|  |TAMS 0x0000000094600000, 0x0000000094600000| Untracked 
| 327|0x0000000094700000, 0x0000000094700000, 0x0000000094800000|  0%| F|  |TAMS 0x0000000094700000, 0x0000000094700000| Untracked 
| 328|0x0000000094800000, 0x0000000094800000, 0x0000000094900000|  0%| F|  |TAMS 0x0000000094800000, 0x0000000094800000| Untracked 
| 329|0x0000000094900000, 0x0000000094900000, 0x0000000094a00000|  0%| F|  |TAMS 0x0000000094900000, 0x0000000094900000| Untracked 
| 330|0x0000000094a00000, 0x0000000094a00000, 0x0000000094b00000|  0%| F|  |TAMS 0x0000000094a00000, 0x0000000094a00000| Untracked 
| 331|0x0000000094b00000, 0x0000000094b00000, 0x0000000094c00000|  0%| F|  |TAMS 0x0000000094b00000, 0x0000000094b00000| Untracked 
| 332|0x0000000094c00000, 0x0000000094c00000, 0x0000000094d00000|  0%| F|  |TAMS 0x0000000094c00000, 0x0000000094c00000| Untracked 
| 333|0x0000000094d00000, 0x0000000094d00000, 0x0000000094e00000|  0%| F|  |TAMS 0x0000000094d00000, 0x0000000094d00000| Untracked 
| 334|0x0000000094e00000, 0x0000000094e00000, 0x0000000094f00000|  0%| F|  |TAMS 0x0000000094e00000, 0x0000000094e00000| Untracked 
| 335|0x0000000094f00000, 0x0000000094f00000, 0x0000000095000000|  0%| F|  |TAMS 0x0000000094f00000, 0x0000000094f00000| Untracked 
| 336|0x0000000095000000, 0x0000000095000000, 0x0000000095100000|  0%| F|  |TAMS 0x0000000095000000, 0x0000000095000000| Untracked 
| 337|0x0000000095100000, 0x0000000095100000, 0x0000000095200000|  0%| F|  |TAMS 0x0000000095100000, 0x0000000095100000| Untracked 
| 338|0x0000000095200000, 0x0000000095200000, 0x0000000095300000|  0%| F|  |TAMS 0x0000000095200000, 0x0000000095200000| Untracked 
| 339|0x0000000095300000, 0x0000000095300000, 0x0000000095400000|  0%| F|  |TAMS 0x0000000095300000, 0x0000000095300000| Untracked 
| 340|0x0000000095400000, 0x0000000095400000, 0x0000000095500000|  0%| F|  |TAMS 0x0000000095400000, 0x0000000095400000| Untracked 
| 341|0x0000000095500000, 0x0000000095500000, 0x0000000095600000|  0%| F|  |TAMS 0x0000000095500000, 0x0000000095500000| Untracked 
| 342|0x0000000095600000, 0x0000000095600000, 0x0000000095700000|  0%| F|  |TAMS 0x0000000095600000, 0x0000000095600000| Untracked 
| 343|0x0000000095700000, 0x0000000095700000, 0x0000000095800000|  0%| F|  |TAMS 0x0000000095700000, 0x0000000095700000| Untracked 
| 344|0x0000000095800000, 0x0000000095800000, 0x0000000095900000|  0%| F|  |TAMS 0x0000000095800000, 0x0000000095800000| Untracked 
| 345|0x0000000095900000, 0x0000000095900000, 0x0000000095a00000|  0%| F|  |TAMS 0x0000000095900000, 0x0000000095900000| Untracked 
| 346|0x0000000095a00000, 0x0000000095a00000, 0x0000000095b00000|  0%| F|  |TAMS 0x0000000095a00000, 0x0000000095a00000| Untracked 
| 347|0x0000000095b00000, 0x0000000095bca488, 0x0000000095c00000| 79%| E|  |TAMS 0x0000000095b00000, 0x0000000095b00000| Complete 
| 348|0x0000000095c00000, 0x0000000095d00000, 0x0000000095d00000|100%| E|CS|TAMS 0x0000000095c00000, 0x0000000095c00000| Complete 
| 349|0x0000000095d00000, 0x0000000095e00000, 0x0000000095e00000|100%| E|CS|TAMS 0x0000000095d00000, 0x0000000095d00000| Complete 
| 350|0x0000000095e00000, 0x0000000095f00000, 0x0000000095f00000|100%| E|CS|TAMS 0x0000000095e00000, 0x0000000095e00000| Complete 
| 351|0x0000000095f00000, 0x0000000096000000, 0x0000000096000000|100%| E|CS|TAMS 0x0000000095f00000, 0x0000000095f00000| Complete 
| 352|0x0000000096000000, 0x0000000096100000, 0x0000000096100000|100%| E|CS|TAMS 0x0000000096000000, 0x0000000096000000| Complete 
| 353|0x0000000096100000, 0x0000000096200000, 0x0000000096200000|100%| E|CS|TAMS 0x0000000096100000, 0x0000000096100000| Complete 
| 354|0x0000000096200000, 0x0000000096300000, 0x0000000096300000|100%| E|CS|TAMS 0x0000000096200000, 0x0000000096200000| Complete 
| 355|0x0000000096300000, 0x0000000096400000, 0x0000000096400000|100%| E|CS|TAMS 0x0000000096300000, 0x0000000096300000| Complete 
| 356|0x0000000096400000, 0x0000000096500000, 0x0000000096500000|100%| E|CS|TAMS 0x0000000096400000, 0x0000000096400000| Complete 
| 357|0x0000000096500000, 0x0000000096600000, 0x0000000096600000|100%| E|CS|TAMS 0x0000000096500000, 0x0000000096500000| Complete 
| 358|0x0000000096600000, 0x0000000096700000, 0x0000000096700000|100%| E|  |TAMS 0x0000000096600000, 0x0000000096600000| Complete 
| 359|0x0000000096700000, 0x0000000096800000, 0x0000000096800000|100%| E|CS|TAMS 0x0000000096700000, 0x0000000096700000| Complete 

Card table byte_map: [0x00000244e0540000,0x00000244e0940000] _byte_map_base: 0x00000244e0140000

Marking Bits (Prev, Next): (CMBitMap*) 0x00000244c8e78c18, (CMBitMap*) 0x00000244c8e78c50
 Prev Bits: [0x00000244e0d40000, 0x00000244e2d40000)
 Next Bits: [0x00000244e2d40000, 0x00000244e4d40000)

Polling page: 0x00000244c8510000

Metaspace:

Usage:
  Non-class:    140.47 MB capacity,   136.90 MB ( 97%) used,     3.03 MB (  2%) free+waste,   546.31 KB ( <1%) overhead. 
      Class:     21.58 MB capacity,    19.47 MB ( 90%) used,     1.87 MB (  9%) free+waste,   248.31 KB (  1%) overhead. 
       Both:    162.05 MB capacity,   156.37 MB ( 96%) used,     4.90 MB (  3%) free+waste,   794.63 KB ( <1%) overhead. 

Virtual space:
  Non-class space:      142.00 MB reserved,     140.50 MB ( 99%) committed 
      Class space:      504.00 MB reserved,      21.63 MB (  4%) committed 
             Both:      646.00 MB reserved,     162.13 MB ( 25%) committed 

Chunk freelists:
   Non-Class:  3.75 KB
       Class:  2.25 KB
        Both:  6.00 KB

CodeHeap 'non-profiled nmethods': size=120064Kb used=21216Kb max_used=21216Kb free=98847Kb
 bounds [0x00000244d8c00000, 0x00000244da0c0000, 0x00000244e0140000]
CodeHeap 'profiled nmethods': size=120000Kb used=56019Kb max_used=56019Kb free=63980Kb
 bounds [0x00000244d16d0000, 0x00000244d4dd0000, 0x00000244d8c00000]
CodeHeap 'non-nmethods': size=5696Kb used=2406Kb max_used=2455Kb free=3289Kb
 bounds [0x00000244d1140000, 0x00000244d13b0000, 0x00000244d16d0000]
 total_blobs=40873 nmethods=24254 adapters=976
 compilation: enabled
              stopped_count=0, restarted_count=0
 full_count=0

Compilation events (10 events):
Event: 685.451 Thread 0x00000244e7212000 30432       2       com.android.tools.r8.internal.Rz::a (109 bytes)
Event: 685.452 Thread 0x00000244e7212000 nmethod 30432 0x00000244d4dcc890 code [0x00000244d4dcca80, 0x00000244d4dcce10]
Event: 685.454 Thread 0x00000244e7212000 30433       2       com.android.tools.r8.internal.Ah$a::next (25 bytes)
Event: 685.455 Thread 0x00000244e7212000 nmethod 30433 0x00000244d4dcd090 code [0x00000244d4dcd260, 0x00000244d4dcd530]
Event: 685.457 Thread 0x00000244e7212000 30434       1       com.android.tools.r8.graph.i$a::d (5 bytes)
Event: 685.457 Thread 0x00000244e7212000 nmethod 30434 0x00000244da0ba210 code [0x00000244da0ba3c0, 0x00000244da0ba4d8]
Event: 685.457 Thread 0x00000244e7212000 30435       1       com.android.tools.r8.graph.i$a::a (5 bytes)
Event: 685.458 Thread 0x00000244e7212000 nmethod 30435 0x00000244da0ba590 code [0x00000244da0ba740, 0x00000244da0ba858]
Event: 685.460 Thread 0x00000244e7212000 30436       2       com.android.tools.r8.internal.Ah$d::getValue (13 bytes)
Event: 685.460 Thread 0x00000244e7212000 nmethod 30436 0x00000244d4dcd610 code [0x00000244d4dcd7c0, 0x00000244d4dcd958]

GC Heap History (10 events):
Event: 680.892 GC heap before
{Heap before GC invocations=453 (full 0):
 garbage-first heap   total 368640K, used 296101K [0x0000000080000000, 0x0000000100000000)
  region size 1024K, 79 young (80896K), 2 survivors (2048K)
 Metaspace       used 151400K, capacity 156782K, committed 157056K, reserved 653312K
  class space    used 18613K, capacity 20577K, committed 20608K, reserved 516096K
}
Event: 680.898 GC heap after
{Heap after GC invocations=454 (full 0):
 garbage-first heap   total 368640K, used 217079K [0x0000000080000000, 0x0000000100000000)
  region size 1024K, 2 young (2048K), 2 survivors (2048K)
 Metaspace       used 151400K, capacity 156782K, committed 157056K, reserved 653312K
  class space    used 18613K, capacity 20577K, committed 20608K, reserved 516096K
}
Event: 681.448 GC heap before
{Heap before GC invocations=454 (full 0):
 garbage-first heap   total 368640K, used 303095K [0x0000000080000000, 0x0000000100000000)
  region size 1024K, 86 young (88064K), 2 survivors (2048K)
 Metaspace       used 151417K, capacity 156849K, committed 157056K, reserved 653312K
  class space    used 18614K, capacity 20578K, committed 20608K, reserved 516096K
}
Event: 681.453 GC heap after
{Heap after GC invocations=455 (full 0):
 garbage-first heap   total 368640K, used 217229K [0x0000000080000000, 0x0000000100000000)
  region size 1024K, 2 young (2048K), 2 survivors (2048K)
 Metaspace       used 151417K, capacity 156849K, committed 157056K, reserved 653312K
  class space    used 18614K, capacity 20578K, committed 20608K, reserved 516096K
}
Event: 681.942 GC heap before
{Heap before GC invocations=455 (full 0):
 garbage-first heap   total 368640K, used 309389K [0x0000000080000000, 0x0000000100000000)
  region size 1024K, 89 young (91136K), 2 survivors (2048K)
 Metaspace       used 152239K, capacity 157673K, committed 157696K, reserved 653312K
  class space    used 18742K, capacity 20725K, committed 20736K, reserved 516096K
}
Event: 681.954 GC heap after
{Heap after GC invocations=456 (full 0):
 garbage-first heap   total 368640K, used 224717K [0x0000000080000000, 0x0000000100000000)
  region size 1024K, 7 young (7168K), 7 survivors (7168K)
 Metaspace       used 152239K, capacity 157673K, committed 157696K, reserved 653312K
  class space    used 18742K, capacity 20725K, committed 20736K, reserved 516096K
}
Event: 683.664 GC heap before
{Heap before GC invocations=456 (full 0):
 garbage-first heap   total 368640K, used 308685K [0x0000000080000000, 0x0000000100000000)
  region size 1024K, 90 young (92160K), 7 survivors (7168K)
 Metaspace       used 156582K, capacity 162150K, committed 162176K, reserved 657408K
  class space    used 19332K, capacity 21369K, committed 21376K, reserved 516096K
}
Event: 683.699 GC heap after
{Heap after GC invocations=457 (full 0):
 garbage-first heap   total 368640K, used 241268K [0x0000000080000000, 0x0000000100000000)
  region size 1024K, 12 young (12288K), 12 survivors (12288K)
 Metaspace       used 156582K, capacity 162150K, committed 162176K, reserved 657408K
  class space    used 19332K, capacity 21369K, committed 21376K, reserved 516096K
}
Event: 684.922 GC heap before
{Heap before GC invocations=457 (full 0):
 garbage-first heap   total 368640K, used 308852K [0x0000000080000000, 0x0000000100000000)
  region size 1024K, 78 young (79872K), 12 survivors (12288K)
 Metaspace       used 159602K, capacity 165416K, committed 165632K, reserved 661504K
  class space    used 19847K, capacity 21985K, committed 22016K, reserved 516096K
}
Event: 684.977 GC heap after
{Heap after GC invocations=458 (full 0):
 garbage-first heap   total 368640K, used 249579K [0x0000000080000000, 0x0000000100000000)
  region size 1024K, 10 young (10240K), 10 survivors (10240K)
 Metaspace       used 159602K, capacity 165416K, committed 165632K, reserved 661504K
  class space    used 19847K, capacity 21985K, committed 22016K, reserved 516096K
}

Deoptimization events (10 events):
Event: 684.838 Thread 0x00000244ea4c4000 Uncommon trap: reason=class_check action=maybe_recompile pc=0x00000244da096864 method=java.util.Map.computeIfAbsent(Ljava/lang/Object;Ljava/util/function/Function;)Ljava/lang/Object; @ 7 c2
Event: 684.838 Thread 0x00000244ea4c4000 Uncommon trap: reason=class_check action=maybe_recompile pc=0x00000244da096864 method=java.util.Map.computeIfAbsent(Ljava/lang/Object;Ljava/util/function/Function;)Ljava/lang/Object; @ 7 c2
Event: 684.892 Thread 0x00000244ea4c4000 Uncommon trap: reason=unstable_if action=reinterpret pc=0x00000244d9604454 method=java.util.LinkedList$ListItr.remove()V @ 47 c2
Event: 685.027 Thread 0x00000244ed0f2800 Uncommon trap: reason=unstable_if action=reinterpret pc=0x00000244da06f944 method=com.android.tools.r8.internal.E9.e(Ljava/lang/String;)[Ljava/lang/String; @ 149 c2
Event: 685.111 Thread 0x00000244edcbc800 Uncommon trap: reason=bimorphic_or_optimized_type_check action=maybe_recompile pc=0x00000244da065a98 method=com.android.tools.r8.internal.Sb$a.hashCode()I @ 26 c2
Event: 685.112 Thread 0x00000244edcbc800 Uncommon trap: reason=bimorphic_or_optimized_type_check action=maybe_recompile pc=0x00000244da065a98 method=com.android.tools.r8.internal.Sb$a.hashCode()I @ 26 c2
Event: 685.112 Thread 0x00000244edcbc800 Uncommon trap: reason=bimorphic_or_optimized_type_check action=maybe_recompile pc=0x00000244da065a98 method=com.android.tools.r8.internal.Sb$a.hashCode()I @ 26 c2
Event: 685.112 Thread 0x00000244edcbc800 Uncommon trap: reason=bimorphic_or_optimized_type_check action=maybe_recompile pc=0x00000244da065a98 method=com.android.tools.r8.internal.Sb$a.hashCode()I @ 26 c2
Event: 685.115 Thread 0x00000244edcbc800 Uncommon trap: reason=class_check action=maybe_recompile pc=0x00000244da05e96c method=com.android.tools.r8.internal.DA.a(Ljava/lang/Object;[Lcom/android/tools/r8/internal/zf;I)Ljava/lang/Object; @ 13 c2
Event: 685.141 Thread 0x00000244ea4c2800 Uncommon trap: reason=unstable_if action=reinterpret pc=0x00000244da0b64b4 method=com.android.tools.r8.internal.oh.a(ILjava/lang/Object;)Ljava/lang/Object; @ 141 c2

Classes redefined (0 events):
No events

Internal exceptions (10 events):
Event: 683.371 Thread 0x00000244ea4c2800 Exception <a 'java/lang/NoSuchMethodError'{0x0000000092134560}: java.lang.invoke.DirectMethodHandle$Holder.newInvokeSpecial(Ljava/lang/Object;I)Ljava/lang/Object;> (0x0000000092134560) thrown at [t:/workspace/open/src/hotspot/share/interpreter/linkResolve
Event: 683.378 Thread 0x00000244edcbc800 Exception <a 'java/lang/IncompatibleClassChangeError'{0x00000000922de770}: Found class java.lang.Object, but interface was expected> (0x00000000922de770) thrown at [t:/workspace/open/src/hotspot/share/interpreter/linkResolver.cpp, line 838]
Event: 683.380 Thread 0x00000244ea4c2800 Exception <a 'java/lang/IncompatibleClassChangeError'{0x000000009213e398}: Found class java.lang.Object, but interface was expected> (0x000000009213e398) thrown at [t:/workspace/open/src/hotspot/share/interpreter/linkResolver.cpp, line 838]
Event: 683.380 Thread 0x00000244edcbc800 Exception <a 'java/lang/IncompatibleClassChangeError'{0x00000000921ac768}: Found class java.lang.Object, but interface was expected> (0x00000000921ac768) thrown at [t:/workspace/open/src/hotspot/share/interpreter/linkResolver.cpp, line 838]
Event: 683.386 Thread 0x00000244ea4c4000 Exception <a 'java/lang/IncompatibleClassChangeError'{0x0000000092195028}: Found class java.lang.Object, but interface was expected> (0x0000000092195028) thrown at [t:/workspace/open/src/hotspot/share/interpreter/linkResolver.cpp, line 838]
Event: 683.504 Thread 0x00000244edcbc800 Exception <a 'java/lang/IncompatibleClassChangeError'{0x0000000091a0b4b8}: Found class java.lang.Object, but interface was expected> (0x0000000091a0b4b8) thrown at [t:/workspace/open/src/hotspot/share/interpreter/linkResolver.cpp, line 838]
Event: 684.121 Thread 0x00000244edcbc800 Exception <a 'java/lang/NoSuchMethodError'{0x0000000095613800}: java.lang.invoke.DirectMethodHandle$Holder.invokeStatic(Ljava/lang/Object;ILjava/lang/Object;Ljava/lang/Object;)Ljava/lang/Object;> (0x0000000095613800) thrown at [t:/workspace/open/src/hotsp
Event: 684.586 Thread 0x00000244ea4c4000 Exception <a 'java/lang/NoSuchMethodError'{0x00000000938b4e90}: java.lang.invoke.DirectMethodHandle$Holder.invokeVirtual(Ljava/lang/Object;Ljava/lang/Object;ILjava/lang/Object;)Ljava/lang/Object;> (0x00000000938b4e90) thrown at [t:/workspace/open/src/hots
Event: 684.587 Thread 0x00000244edcbc800 Exception <a 'java/lang/NoSuchMethodError'{0x0000000093847dc0}: java.lang.invoke.DirectMethodHandle$Holder.invokeVirtual(Ljava/lang/Object;Ljava/lang/Object;ILjava/lang/Object;)Ljava/lang/Object;> (0x0000000093847dc0) thrown at [t:/workspace/open/src/hots
Event: 684.725 Thread 0x00000244ea4c2800 Exception <a 'java/lang/NoSuchMethodError'{0x0000000093041e18}: java.lang.invoke.DirectMethodHandle$Holder.invokeVirtual(Ljava/lang/Object;Ljava/lang/Object;ILjava/lang/Object;)V> (0x0000000093041e18) thrown at [t:/workspace/open/src/hotspot/share/interpr

Events (10 events):
Event: 685.480 loading class com/android/tools/r8/code/d
Event: 685.480 loading class com/android/tools/r8/code/d done
Event: 685.484 loading class com/android/tools/r8/code/P0
Event: 685.484 loading class com/android/tools/r8/code/P0 done
Event: 685.493 loading class com/android/tools/r8/code/c
Event: 685.493 loading class com/android/tools/r8/code/c done
Event: 685.500 loading class com/android/tools/r8/code/f
Event: 685.500 loading class com/android/tools/r8/code/f done
Event: 685.517 loading class com/android/tools/r8/code/j
Event: 685.517 loading class com/android/tools/r8/code/j done


Dynamic libraries:
0x00007ff720b60000 - 0x00007ff720ba5000 	C:\Program Files\OpenJDK\jdk-11.0.2\bin\java.exe
0x00007ffaeef30000 - 0x00007ffaef125000 	C:\WINDOWS\SYSTEM32\ntdll.dll
0x00007ffaedfe0000 - 0x00007ffaee09e000 	C:\WINDOWS\System32\KERNEL32.DLL
0x00007ffaeccb0000 - 0x00007ffaecf78000 	C:\WINDOWS\System32\KERNELBASE.dll
0x00007ffaed1b0000 - 0x00007ffaed351000 	C:\WINDOWS\System32\USER32.dll
0x00007ffaec8f0000 - 0x00007ffaec912000 	C:\WINDOWS\System32\win32u.dll
0x00007ffaedc20000 - 0x00007ffaedc4b000 	C:\WINDOWS\System32\GDI32.dll
0x00007ffaec6a0000 - 0x00007ffaec7ab000 	C:\WINDOWS\System32\gdi32full.dll
0x00007ffaecc10000 - 0x00007ffaeccad000 	C:\WINDOWS\System32\msvcp_win.dll
0x00007ffaeca80000 - 0x00007ffaecb80000 	C:\WINDOWS\System32\ucrtbase.dll
0x00007ffada5f0000 - 0x00007ffada88a000 	C:\WINDOWS\WinSxS\amd64_microsoft.windows.common-controls_6595b64144ccf1df_6.0.19041.1110_none_60b5254171f9507e\COMCTL32.dll
0x00007ffaecf80000 - 0x00007ffaed01e000 	C:\WINDOWS\System32\msvcrt.dll
0x00007ffaedc50000 - 0x00007ffaedc80000 	C:\WINDOWS\System32\IMM32.DLL
0x00007ffae3e00000 - 0x00007ffae3e16000 	C:\Program Files\OpenJDK\jdk-11.0.2\bin\vcruntime140.dll
0x00007ffaa6cf0000 - 0x00007ffaa6d9a000 	C:\Program Files\OpenJDK\jdk-11.0.2\bin\msvcp140.dll
0x00007ffa87d70000 - 0x00007ffa88893000 	C:\Program Files\OpenJDK\jdk-11.0.2\bin\server\jvm.dll
0x00007ffaed7e0000 - 0x00007ffaed88c000 	C:\WINDOWS\System32\ADVAPI32.dll
0x00007ffaedb80000 - 0x00007ffaedc1b000 	C:\WINDOWS\System32\sechost.dll
0x00007ffaee1a0000 - 0x00007ffaee2ca000 	C:\WINDOWS\System32\RPCRT4.dll
0x00007ffaeee80000 - 0x00007ffaeee88000 	C:\WINDOWS\System32\PSAPI.DLL
0x00007ffad3230000 - 0x00007ffad3257000 	C:\WINDOWS\SYSTEM32\WINMM.dll
0x00007ffad6720000 - 0x00007ffad6729000 	C:\WINDOWS\SYSTEM32\WSOCK32.dll
0x00007ffaee130000 - 0x00007ffaee19b000 	C:\WINDOWS\System32\WS2_32.dll
0x00007ffae4400000 - 0x00007ffae440a000 	C:\WINDOWS\SYSTEM32\VERSION.dll
0x00007ffaeaf20000 - 0x00007ffaeaf32000 	C:\WINDOWS\SYSTEM32\kernel.appcore.dll
0x00007ffae3de0000 - 0x00007ffae3df1000 	C:\Program Files\OpenJDK\jdk-11.0.2\bin\verify.dll
0x00007ffaeabf0000 - 0x00007ffaeadd4000 	C:\WINDOWS\SYSTEM32\DBGHELP.DLL
0x00007ffad50c0000 - 0x00007ffad50ec000 	C:\WINDOWS\SYSTEM32\dbgcore.DLL
0x00007ffaec7b0000 - 0x00007ffaec833000 	C:\WINDOWS\System32\bcryptPrimitives.dll
0x00007ffae3db0000 - 0x00007ffae3dd8000 	C:\Program Files\OpenJDK\jdk-11.0.2\bin\java.dll
0x00007ffae32d0000 - 0x00007ffae32e6000 	C:\Program Files\OpenJDK\jdk-11.0.2\bin\zip.dll
0x00007ffae4b10000 - 0x00007ffae4b1a000 	C:\Program Files\OpenJDK\jdk-11.0.2\bin\jimage.dll
0x00007ffaee530000 - 0x00007ffaeec6f000 	C:\WINDOWS\System32\SHELL32.dll
0x00007ffaea390000 - 0x00007ffaeab20000 	C:\WINDOWS\SYSTEM32\windows.storage.dll
0x00007ffaedc80000 - 0x00007ffaedfd5000 	C:\WINDOWS\System32\combase.dll
0x00007ffaec0a0000 - 0x00007ffaec0ce000 	C:\WINDOWS\SYSTEM32\Wldp.dll
0x00007ffaeedd0000 - 0x00007ffaeee7d000 	C:\WINDOWS\System32\SHCORE.dll
0x00007ffaeee90000 - 0x00007ffaeeee5000 	C:\WINDOWS\System32\shlwapi.dll
0x00007ffaec590000 - 0x00007ffaec5af000 	C:\WINDOWS\SYSTEM32\profapi.dll
0x00007ffad8370000 - 0x00007ffad8389000 	C:\Program Files\OpenJDK\jdk-11.0.2\bin\net.dll
0x00007ffae31b0000 - 0x00007ffae32bc000 	C:\WINDOWS\SYSTEM32\WINHTTP.dll
0x00007ffadfb40000 - 0x00007ffadfd2b000 	C:\WINDOWS\SYSTEM32\urlmon.dll
0x00007ffae06f0000 - 0x00007ffae09a0000 	C:\WINDOWS\SYSTEM32\iertutil.dll
0x00007ffae1ac0000 - 0x00007ffae1ae8000 	C:\WINDOWS\SYSTEM32\srvcli.dll
0x00007ffaebbb0000 - 0x00007ffaebbbc000 	C:\WINDOWS\SYSTEM32\netutils.dll
0x00007ffaebe00000 - 0x00007ffaebe6a000 	C:\WINDOWS\system32\mswsock.dll
0x00007ffad8350000 - 0x00007ffad8363000 	C:\Program Files\OpenJDK\jdk-11.0.2\bin\nio.dll
0x00007ffac6210000 - 0x00007ffac6237000 	C:\Users\46579071\.gradle\native\e1d6ef7f7dcc3fd88c89a11ec53ec762bb8ba0a96d01ffa2cd45eb1d1d8dd5c5\windows-amd64\native-platform.dll
0x00007ffa8b9c0000 - 0x00007ffa8bb04000 	C:\Users\46579071\.gradle\native\5664cfc778a61ccfe75a443a1ab52a65af34e5dc3c78e0209fed803814484fcb\windows-amd64\native-platform-file-events.dll
0x00007ffad8340000 - 0x00007ffad8349000 	C:\Program Files\OpenJDK\jdk-11.0.2\bin\management.dll
0x00007ffad8300000 - 0x00007ffad830c000 	C:\Program Files\OpenJDK\jdk-11.0.2\bin\management_ext.dll
0x00007ffaebff0000 - 0x00007ffaec008000 	C:\WINDOWS\SYSTEM32\CRYPTSP.dll
0x00007ffaeb710000 - 0x00007ffaeb744000 	C:\WINDOWS\system32\rsaenh.dll
0x00007ffaecb80000 - 0x00007ffaecba7000 	C:\WINDOWS\System32\bcrypt.dll
0x00007ffaec550000 - 0x00007ffaec57e000 	C:\WINDOWS\SYSTEM32\USERENV.dll
0x00007ffaec010000 - 0x00007ffaec01c000 	C:\WINDOWS\SYSTEM32\CRYPTBASE.dll
0x00007ffaebaa0000 - 0x00007ffaebadb000 	C:\WINDOWS\SYSTEM32\IPHLPAPI.DLL
0x00007ffaeec70000 - 0x00007ffaeec78000 	C:\WINDOWS\System32\NSI.dll
0x00007ffae5880000 - 0x00007ffae5897000 	C:\WINDOWS\SYSTEM32\dhcpcsvc6.DLL
0x00007ffae5860000 - 0x00007ffae587d000 	C:\WINDOWS\SYSTEM32\dhcpcsvc.DLL
0x00007ffaebae0000 - 0x00007ffaebbab000 	C:\WINDOWS\SYSTEM32\DNSAPI.dll
0x00007ffae4b30000 - 0x00007ffae4b3d000 	C:\Program Files\OpenJDK\jdk-11.0.2\bin\sunmscapi.dll
0x00007ffaec920000 - 0x00007ffaeca76000 	C:\WINDOWS\System32\CRYPT32.dll
0x00007ffaec110000 - 0x00007ffaec137000 	C:\WINDOWS\SYSTEM32\ncrypt.dll
0x00007ffaec0d0000 - 0x00007ffaec10b000 	C:\WINDOWS\SYSTEM32\NTASN1.dll
0x00007ffad0f60000 - 0x00007ffad0f87000 	C:\Program Files\OpenJDK\jdk-11.0.2\bin\sunec.dll
0x00007ffae1a70000 - 0x00007ffae1a7a000 	C:\Windows\System32\rasadhlp.dll
0x00007ffae7130000 - 0x00007ffae71af000 	C:\WINDOWS\System32\fwpuclnt.dll
0x00007ffaeb2a0000 - 0x00007ffaeb2d3000 	C:\WINDOWS\SYSTEM32\ntmarta.dll
0x00007ffae92a0000 - 0x00007ffae9330000 	C:\WINDOWS\system32\apphelp.dll
0x00007ffada8a0000 - 0x00007ffada8be000 	C:\Users\46579071\AppData\Local\Temp\native-platform12501260720259012178dir\native-platform.dll
0x00007ffad8330000 - 0x00007ffad8337000 	C:\Program Files\OpenJDK\jdk-11.0.2\bin\rmi.dll
0x00007ffae9120000 - 0x00007ffae913e000 	C:\Users\46579071\AppData\Local\Temp\native-platform15814195958080585765dir\native-platform.dll
0x00007ffad1330000 - 0x00007ffad1347000 	C:\WINDOWS\system32\napinsp.dll
0x00007ffad1350000 - 0x00007ffad136b000 	C:\WINDOWS\system32\pnrpnsp.dll
0x00007ffad1310000 - 0x00007ffad1325000 	C:\WINDOWS\system32\wshbth.dll
0x00007ffae8ed0000 - 0x00007ffae8eed000 	C:\WINDOWS\system32\NLAapi.dll
0x00007ffad1370000 - 0x00007ffad1382000 	C:\WINDOWS\System32\winrnr.dll
0x00007ffae9100000 - 0x00007ffae911e000 	C:\Users\46579071\AppData\Local\Temp\native-platform2863069466013112202dir\native-platform.dll

dbghelp: loaded successfully - version: 4.0.5 - missing functions: none
symbol engine: initialized successfully - sym options: 0x614 - pdb path: .;C:\Program Files\OpenJDK\jdk-11.0.2\bin;C:\WINDOWS\SYSTEM32;C:\WINDOWS\WinSxS\amd64_microsoft.windows.common-controls_6595b64144ccf1df_6.0.19041.1110_none_60b5254171f9507e;C:\Program Files\OpenJDK\jdk-11.0.2\bin\server;C:\Users\46579071\.gradle\native\e1d6ef7f7dcc3fd88c89a11ec53ec762bb8ba0a96d01ffa2cd45eb1d1d8dd5c5\windows-amd64;C:\Users\46579071\.gradle\native\5664cfc778a61ccfe75a443a1ab52a65af34e5dc3c78e0209fed803814484fcb\windows-amd64;C:\Users\46579071\AppData\Local\Temp\native-platform12501260720259012178dir;C:\Users\46579071\AppData\Local\Temp\native-platform15814195958080585765dir;C:\Users\46579071\AppData\Local\Temp\native-platform2863069466013112202dir

VM Arguments:
jvm_args: -XX:MaxMetaspaceSize=512m --add-opens=java.base/java.util=ALL-UNNAMED --add-opens=java.base/java.lang=ALL-UNNAMED --add-opens=java.base/java.lang.invoke=ALL-UNNAMED --add-opens=java.base/java.util=ALL-UNNAMED --add-opens=java.prefs/java.util.prefs=ALL-UNNAMED --add-opens=java.prefs/java.util.prefs=ALL-UNNAMED --add-opens=java.base/java.nio.charset=ALL-UNNAMED --add-opens=java.base/java.net=ALL-UNNAMED --add-opens=java.base/java.util.concurrent.atomic=ALL-UNNAMED -Xmx2048m -Dfile.encoding=windows-1252 -Duser.country=AR -Duser.language=es -Duser.variant 
java_command: org.gradle.launcher.daemon.bootstrap.GradleDaemon 7.3.3
java_class_path (initial): C:\Users\46579071\.gradle\wrapper\dists\gradle-7.3.3-all\4295vidhdd9hd3gbjyw1xqxpo\gradle-7.3.3\lib\gradle-launcher-7.3.3.jar
Launcher Type: SUN_STANDARD

[Global flags]
     intx CICompilerCount                          = 3                                         {product} {ergonomic}
   size_t CompressedClassSpaceSize                 = 528482304                                 {product} {ergonomic}
     uint ConcGCThreads                            = 1                                         {product} {ergonomic}
     uint G1ConcRefinementThreads                  = 4                                         {product} {ergonomic}
   size_t G1HeapRegionSize                         = 1048576                                   {product} {ergonomic}
    uintx GCDrainStackTargetSize                   = 64                                        {product} {ergonomic}
   size_t InitialHeapSize                          = 65011712                                  {product} {ergonomic}
   size_t MarkStackSize                            = 4194304                                   {product} {ergonomic}
   size_t MaxHeapSize                              = 2147483648                                {product} {command line}
   size_t MaxMetaspaceSize                         = 536870912                                 {product} {command line}
   size_t MaxNewSize                               = 1287651328                                {product} {ergonomic}
   size_t MinHeapDeltaBytes                        = 1048576                                   {product} {ergonomic}
    uintx NonNMethodCodeHeapSize                   = 5830092                                {pd product} {ergonomic}
    uintx NonProfiledCodeHeapSize                  = 122914074                              {pd product} {ergonomic}
    uintx ProfiledCodeHeapSize                     = 122914074                              {pd product} {ergonomic}
    uintx ReservedCodeCacheSize                    = 251658240                              {pd product} {ergonomic}
     bool SegmentedCodeCache                       = true                                      {product} {ergonomic}
     bool UseCompressedClassPointers               = true                                 {lp64_product} {ergonomic}
     bool UseCompressedOops                        = true                                 {lp64_product} {ergonomic}
     bool UseG1GC                                  = true                                      {product} {ergonomic}
     bool UseLargePagesIndividualAllocation        = false                                  {pd product} {ergonomic}

Logging:
Log output configuration:
 #0: stdout all=warning uptime,level,tags
 #1: stderr all=off uptime,level,tags

Environment Variables:
JAVA_HOME=C:\Program Files\OpenJDK\jdk-11.0.2
CLASSPATH=C:\Users\46579071\Downloads\Proyyecto-master\android\\gradle\wrapper\gradle-wrapper.jar
PATH=C:\Users\46579071\Downloads\Proyyecto-master\android\node_modules\.bin;C:\Users\46579071\Downloads\Proyyecto-master\node_modules\.bin;C:\Users\46579071\Downloads\node_modules\.bin;C:\Users\46579071\node_modules\.bin;C:\Users\node_modules\.bin;C:\node_modules\.bin;C:\Program Files\nodejs;C:\Users\46579071\Downloads\Proyyecto-master\node_modules\.bin;C:\Users\46579071\Downloads\node_modules\.bin;C:\Users\46579071\node_modules\.bin;C:\Users\node_modules\.bin;C:\node_modules\.bin;C:\Program Files\nodejs\node_modules\npm\node_modules\@npmcli\run-script\lib\node-gyp-bin;C:\Python310\Scripts\;C:\Python310\;C:\Program Files\AdoptOpenJDK\jre-8.0.292.10-hotspot\bin;C:\Program Files\Python37\Scripts\;C:\Program Files\Python37\;C:\Program Files (x86)\Common Files\Oracle\Java\javapath;C:\Program Files (x86)\Intel\TXE Components\iCLS\;C:\Program Files\Intel\TXE Components\iCLS\;C:\WINDOWS\system32;C:\WINDOWS;C:\WINDOWS\System32\Wbem;C:\WINDOWS\System32\WindowsPowerShell\v1.0\;C:\WINDOWS\System32\OpenSSH\;C:\Program Files\Intel\TXE Components\DAL\;C:\Program Files (x86)\Intel\TXE Components\DAL\;C:\Program Files\Intel\TXE Components\IPT\;C:\Program Files (x86)\Intel\TXE Components\IPT\;C:\Program Files (x86)\IVI Foundation\VISA\WinNT\Bin;C:\Program Files (x86)\Windows Live\Shared;C:\Program Files\dotnet\;C:\ProgramData\chocolatey\bin;C:\Program Files\OpenJDK\jdk-11.0.2\bin;C:\Program Files\Git\cmd;C:\Program Files (x86)\dotnet\;C:\Program Files\nodejs\;C:\Program Files (x86)\QuickTime\QTSystem\;C:\Program Files\Microsoft VS Code\bin;C:\Program Files (x86)\STMicroelectronics\STM32 ST-LINK Utility\ST-LINK Utility;C:\Users\46579071\AppData\Local\Microsoft\WindowsApps;;C:\Users\46579071\AppData\Local\Programs\Microsoft VS Code\bin;C:\Users\46579071\Downloads\Proyyecto-master\node_modules\.bin
USERNAME=46579071
OS=Windows_NT
PROCESSOR_IDENTIFIER=Intel64 Family 6 Model 92 Stepping 9, GenuineIntel



---------------  S Y S T E M  ---------------

OS: Windows 10 , 64 bit Build 19041 (10.0.19041.1348)

CPU:total 4 (initial active 4) (4 cores per cpu, 1 threads per core) family 6 model 92 stepping 9, cmov, cx8, fxsr, mmx, sse, sse2, sse3, ssse3, sse4.1, sse4.2, popcnt, aes, clmul, erms, 3dnowpref, tsc, tscinvbit, sha

Memory: 4k page, system-wide physical 3920M (277M free)
TotalPageFile size 6678M (AvailPageFile size 0M)
current process WorkingSet (physical memory assigned to process): 745M, peak: 745M
current process commit charge ("private bytes"): 901M, peak: 901M

vm_info: OpenJDK 64-Bit Server VM (11.0.2+9) for windows-amd64 JRE (11.0.2+9), built on Jan 18 2019 05:23:22 by "mach5one" with MS VC++ 15.5 (VS2017)

END.
